2023-06-26 15:00:29.050125 - <ProcessesExecutor process=<Process name='MainProcess' pid=3516 parent=None>>. <Task name='Directory traverse' path='D:\edu\test'> scheduled. 
2023-06-26 15:00:29.051125 - <ProcessesExecutor process=<Process name='MainProcess' pid=3516 parent=None>>. Process creation requested.
2023-06-26 15:00:29.052127 - <ProcessesExecutor process=<Process name='MainProcess' pid=3516 parent=None>>. Going to wait for creation request.
2023-06-26 15:00:29.052127 - <ProcessesExecutor process=<Process name='MainProcess' pid=3516 parent=None>>. <Status tasks=1 active=0, workers=0>.
2023-06-26 15:00:29.061126 - <ProcessesExecutor process=<Process name='MainProcess' pid=3516 parent=None>>. <Process name='Process-1' pid=12636 parent=3516 started> started.
2023-06-26 15:00:29.062125 - <ProcessesExecutor process=<Process name='MainProcess' pid=3516 parent=None>>. Going to wait for creation request.
2023-06-26 15:00:29.205126 - <ProcessesExecutor process=<Process name='Process-1' pid=12636 parent=3516>>. Dummy 'ProcessesExecutor' created and setuped.
2023-06-26 15:00:29.205126 - <ProcessesExecutor process=<Process name='Process-1' pid=12636 parent=3516> thread=<Thread name='MainThread' pid=15396>> runned.
2023-06-26 15:00:29.205126 - <ProcessesExecutor process=<Process name='Process-1' pid=12636 parent=3516> thread=<Thread name='MainThread' pid=15396>>. <Status tasks=1 results=0>.
2023-06-26 15:00:29.206126 - <ProcessesExecutor process=<Process name='Process-1' pid=12636 parent=3516> thread=<Thread name='MainThread' pid=15396>>. <Task name='Directory traverse' path='D:\edu\test'> processing.
2023-06-26 15:00:29.208126 - <ProcessesExecutor process=<Process name='Process-1' pid=12636 parent=3516>>. <Task name='Directory traverse' path='D:\edu\test\.vscode'> scheduled. 
2023-06-26 15:00:29.208126 - <ProcessesExecutor process=<Process name='Process-1' pid=12636 parent=3516>>. Process creation requested.
2023-06-26 15:00:29.208126 - <ProcessesExecutor process=<Process name='MainProcess' pid=3516 parent=None>>. <Status tasks=1 active=1, workers=1>.
2023-06-26 15:00:29.209125 - <ProcessesExecutor process=<Process name='Process-1' pid=12636 parent=3516>>. <Action name='Copy' path='D:\edu\test\2.raw'> scheduled. 
2023-06-26 15:00:29.209125 - <ProcessesExecutor process=<Process name='Process-1' pid=12636 parent=3516>>. Process creation requested.
2023-06-26 15:00:29.210126 - <Task process=<Process name='Process-1' pid=12636 parent=3516> thread=<Thread name='MainThread' pid=15396>>. Task(<Task name='Directory traverse' path='D:\edu\test'>). Created child executor(<class 'executors.ProcessExecutor'>).
2023-06-26 15:00:29.212128 - <ProcessesExecutor process=<Process name='MainProcess' pid=3516 parent=None>>. <Process name='Process-2' pid=10864 parent=3516 started> started.
2023-06-26 15:00:29.213127 - <ProcessesExecutor process=<Process name='MainProcess' pid=3516 parent=None>>. Going to wait for creation request.
2023-06-26 15:00:29.213127 - <ProcessesExecutor process=<Process name='MainProcess' pid=3516 parent=None>>. <Status tasks=2 active=2, workers=2>.
2023-06-26 15:00:29.219127 - < process=<Process name='Process-1' pid=12636 parent=3516> thread=<Thread name='MainThread' pid=15396>>. Executor:<Process name='Process-1:1' pid=540 parent=12636 started> started.
2023-06-26 15:00:29.224126 - <ProcessesExecutor process=<Process name='MainProcess' pid=3516 parent=None>>. <Process name='Process-3' pid=13280 parent=3516 started> started.
2023-06-26 15:00:29.229127 - <ProcessesExecutor process=<Process name='MainProcess' pid=3516 parent=None>>. Going to wait for creation request.
2023-06-26 15:00:29.226126 - <ProcessesExecutor process=<Process name='Process-1' pid=12636 parent=3516>>. <Action name='Copy' path='D:\edu\test\test.py'> scheduled. 
2023-06-26 15:00:29.242127 - <ProcessesExecutor process=<Process name='Process-1' pid=12636 parent=3516>>. Process creation requested.
2023-06-26 15:00:29.242127 - <ProcessesExecutor process=<Process name='MainProcess' pid=3516 parent=None>>. <Status tasks=3 active=3, workers=3>.
2023-06-26 15:00:29.244127 - <ProcessesExecutor process=<Process name='Process-1' pid=12636 parent=3516>>. <Action name='Copy' path='D:\edu\test\test2.py'> scheduled. 
2023-06-26 15:00:29.247127 - <ProcessesExecutor process=<Process name='Process-1' pid=12636 parent=3516>>. Process creation requested.
2023-06-26 15:00:29.251126 - <ProcessesExecutor process=<Process name='MainProcess' pid=3516 parent=None>>. <Process name='Process-4' pid=1472 parent=3516 started> started.
.
2023-06-26 15:00:29.261126 - <ProcessesExecutor process=<Process name='Process-1' pid=12636 parent=3516>>. <Action name='Sequence' actions=(<Action name='RemoveEmptyDir' path='D:\edu\test\.vscode'>) scheduled. 
2023-06-26 15:00:29.280126 - <ProcessesExecutor process=<Process name='Process-1' pid=12636 parent=3516>>. Process creation requested.
2023-06-26 15:00:29.285126 - <ProcessesExecutor process=<Process name='Process-1' pid=12636 parent=3516>>. None scheduled.
2023-06-26 15:00:29.289127 - <ProcessesExecutor process=<Process name='Process-1' pid=12636 parent=3516> thread=<Thread name='MainThread' pid=15396>>. <Task name='Directory traverse' path='D:\edu\test'> done.
2023-06-26 15:00:29.306125 - <ProcessesExecutor process=<Process name='Process-1' pid=12636 parent=3516> thread=<Thread name='MainThread' pid=15396>>. <Status tasks=6 results=0>.
2023-06-26 15:00:29.319127 - <ProcessesExecutor process=<Process name='Process-1' pid=12636 parent=3516> thread=<Thread name='MainThread' pid=15396>>. <Task name='Directory traverse' path='D:\edu\test\.vscode'> processing.
2023-06-26 15:00:29.321126 - <ProcessesExecutor process=<Process name='Process-1' pid=12636 parent=3516>>. <Action name='Copy' path='D:\edu\test\.vscode\launch.json'> scheduled. 
2023-06-26 15:00:29.322137 - <ProcessesExecutor process=<Process name='Process-1' pid=12636 parent=3516>>. Process creation requested.
2023-06-26 15:00:29.323129 - <ProcessesExecutor process=<Process name='Process-1' pid=12636 parent=3516>>. None scheduled.
2023-06-26 15:00:29.324126 - <ProcessesExecutor process=<Process name='Process-1' pid=12636 parent=3516> thread=<Thread name='MainThread' pid=15396>>. <Task name='Directory traverse' path='D:\edu\test\.vscode'> done.
2023-06-26 15:00:29.326127 - <ProcessesExecutor process=<Process name='Process-1' pid=12636 parent=3516> thread=<Thread name='MainThread' pid=15396>>. <Status tasks=7 results=0>.
2023-06-26 15:00:29.327128 - <ProcessesExecutor process=<Process name='Process-1' pid=12636 parent=3516> thread=<Thread name='MainThread' pid=15396>>. <Action name='Copy' path='D:\edu\test\2.raw'> processing.
2023-06-26 15:00:29.448126 - <ProcessExecutor process=<Process name='Process-1:1' pid=540 parent=12636> thread=<Thread name='MainThread' pid=1844>> runned.
2023-06-26 15:00:29.449126 - <ProcessExecutor process=<Process name='Process-1:1' pid=540 parent=12636> thread=<Thread name='MainThread' pid=1844>>. <Status tasks=4 results=0>.
2023-06-26 15:00:29.449126 - <ProcessExecutor process=<Process name='Process-1:1' pid=540 parent=12636> thread=<Thread name='MainThread' pid=1844>>. <Action name='Sequence' actions=(<Action name='Unpack' path='D:\edu\test\A2010-a-t_S263_1610251300_MP3V1_8G_ROW - Copy.zip'>, <Action name='Copy' path='D:\edu\test\A2010-a-t_S263_1610251300_MP3V1_8G_ROW - Copy.zip'>) processing.
2023-06-26 15:00:29.464126 - <ProcessesExecutor process=<Process name='Process-2' pid=10864 parent=3516>>. Dummy 'ProcessesExecutor' created and setuped.
2023-06-26 15:00:29.465128 - <ProcessesExecutor process=<Process name='Process-2' pid=10864 parent=3516> thread=<Thread name='MainThread' pid=16980>> runned.
2023-06-26 15:00:29.466126 - <ProcessesExecutor process=<Process name='Process-2' pid=10864 parent=3516> thread=<Thread name='MainThread' pid=16980>>. <Status tasks=6 results=0>.
2023-06-26 15:00:29.475128 - <ProcessesExecutor process=<Process name='Process-2' pid=10864 parent=3516> thread=<Thread name='MainThread' pid=16980>>. <Action name='Copy' path='D:\edu\test\test.py'> processing.
2023-06-26 15:00:29.481127 - <ProcessesExecutor process=<Process name='Process-2' pid=10864 parent=3516> thread=<Thread name='MainThread' pid=16980>>. <Action name='Copy' path='D:\edu\test\test.py'> done.
2023-06-26 15:00:29.495127 - <ProcessesExecutor process=<Process name='Process-2' pid=10864 parent=3516> thread=<Thread name='MainThread' pid=16980>>. <Status tasks=5 results=1>.
2023-06-26 15:00:29.495127 - <ProcessesExecutor process=<Process name='Process-2' pid=10864 parent=3516> thread=<Thread name='MainThread' pid=16980>>. <Action name='Copy' path='D:\edu\test\test2.py'> processing.
2023-06-26 15:00:29.497126 - <ProcessesExecutor process=<Process name='Process-2' pid=10864 parent=3516> thread=<Thread name='MainThread' pid=16980>>. <Action name='Copy' path='D:\edu\test\test2.py'> done.
2023-06-26 15:00:29.497126 - <ProcessesExecutor process=<Process name='Process-2' pid=10864 parent=3516> thread=<Thread name='MainThread' pid=16980>>. <Status tasks=4 results=2>.
2023-06-26 15:00:29.498126 - <ProcessesExecutor process=<Process name='Process-2' pid=10864 parent=3516> thread=<Thread name='MainThread' pid=16980>>. <Action name='Sequence' actions=(<Action name='RemoveEmptyDir' path='D:\edu\test\.vscode'>) processing.
2023-06-26 15:00:29.499126 - <ProcessesExecutor process=<Process name='Process-2' pid=10864 parent=3516> thread=<Thread name='MainThread' pid=16980>>. <Action name='Sequence' actions=(<Action name='RemoveEmptyDir' path='D:\edu\test\.vscode'>) done.
2023-06-26 15:00:29.500134 - <ProcessesExecutor process=<Process name='Process-2' pid=10864 parent=3516> thread=<Thread name='MainThread' pid=16980>>. <Status tasks=3 results=3>.
2023-06-26 15:00:29.500134 - <ProcessesExecutor process=<Process name='Process-2' pid=10864 parent=3516> thread=<Thread name='MainThread' pid=16980>>. <Action name='Copy' path='D:\edu\test\.vscode\launch.json'> processing.
2023-06-26 15:00:29.502126 - <ProcessesExecutor process=<Process name='Process-2' pid=10864 parent=3516> thread=<Thread name='MainThread' pid=16980>>. <Action name='Copy' path='D:\edu\test\.vscode\launch.json'> done.
2023-06-26 15:00:29.502126 - <ProcessesExecutor process=<Process name='Process-2' pid=10864 parent=3516> thread=<Thread name='MainThread' pid=16980>>. <Status tasks=1 results=4>.
2023-06-26 15:00:29.514127 - <ProcessesExecutor process=<Process name='Process-2' pid=10864 parent=3516> thread=<Thread name='MainThread' pid=16980>> got sentinel. Exiting.
2023-06-26 15:00:29.515127 - <ProcessesExecutor process=<Process name='Process-2' pid=10864 parent=3516> thread=<Thread name='MainThread' pid=16980>> done.
2023-06-26 15:00:29.520126 - <ProcessesExecutor process=<Process name='Process-4' pid=1472 parent=3516>>. Dummy 'ProcessesExecutor' created and setuped.
2023-06-26 15:00:29.524128 - <ProcessesExecutor process=<Process name='Process-4' pid=1472 parent=3516> thread=<Thread name='MainThread' pid=10304>> runned.
2023-06-26 15:00:29.525126 - <ProcessesExecutor process=<Process name='Process-4' pid=1472 parent=3516> thread=<Thread name='MainThread' pid=10304>>. <Status tasks=1 results=4>.
2023-06-26 15:00:29.521125 - <ProcessesExecutor process=<Process name='Process-2' pid=10864 parent=3516> thread=<Thread name='MainThread' pid=16980>> exiting signaled. 
2023-06-26 15:00:29.532126 - <ProcessesExecutor process=<Process name='Process-4' pid=1472 parent=3516> thread=<Thread name='MainThread' pid=10304>> got sentinel. Exiting.
2023-06-26 15:00:29.536127 - <ProcessesExecutor process=<Process name='Process-4' pid=1472 parent=3516> thread=<Thread name='MainThread' pid=10304>> done.
2023-06-26 15:00:29.541126 - <ProcessesExecutor process=<Process name='Process-4' pid=1472 parent=3516> thread=<Thread name='MainThread' pid=10304>> exiting signaled. 
2023-06-26 15:00:29.610128 - <ProcessesExecutor process=<Process name='Process-3' pid=13280 parent=3516>>. Dummy 'ProcessesExecutor' created and setuped.
2023-06-26 15:00:29.611127 - <ProcessesExecutor process=<Process name='Process-3' pid=13280 parent=3516> thread=<Thread name='MainThread' pid=12320>> runned.
2023-06-26 15:00:29.612126 - <ProcessesExecutor process=<Process name='Process-3' pid=13280 parent=3516> thread=<Thread name='MainThread' pid=12320>>. <Status tasks=3 results=4>.
2023-06-26 15:00:29.625125 - <ProcessesExecutor process=<Process name='Process-3' pid=13280 parent=3516> thread=<Thread name='MainThread' pid=12320>> got sentinel. Exiting.
2023-06-26 15:00:29.625125 - <ProcessesExecutor process=<Process name='Process-3' pid=13280 parent=3516> thread=<Thread name='MainThread' pid=12320>> done.
2023-06-26 15:00:29.626128 - <ProcessesExecutor process=<Process name='Process-3' pid=13280 parent=3516> thread=<Thread name='MainThread' pid=12320>> exiting signaled. 
2023-06-26 15:00:30.149126 - <ProcessesExecutor process=<Process name='Process-1' pid=12636 parent=3516> thread=<Thread name='MainThread' pid=15396>>. <Action name='Copy' path='D:\edu\test\2.raw'> done.
2023-06-26 15:00:30.151126 - <ProcessesExecutor process=<Process name='Process-1' pid=12636 parent=3516> thread=<Thread name='MainThread' pid=15396>>. <Status tasks=2 results=5>.
2023-06-26 15:00:30.151126 - <ProcessesExecutor process=<Process name='Process-1' pid=12636 parent=3516> thread=<Thread name='MainThread' pid=15396>> got sentinel. Exiting.
2023-06-26 15:00:30.152126 - <ProcessesExecutor process=<Process name='Process-1' pid=12636 parent=3516> thread=<Thread name='MainThread' pid=15396>> done.
2023-06-26 15:00:30.152126 - <ProcessesExecutor process=<Process name='Process-1' pid=12636 parent=3516> thread=<Thread name='MainThread' pid=15396>> exiting signaled. 
2023-06-26 15:00:46.235017 - <ProcessExecutor process=<Process name='Process-1:1' pid=540 parent=12636> thread=<Thread name='MainThread' pid=1844>>. <Action name='Sequence' actions=(<Action name='Unpack' path='D:\edu\test\A2010-a-t_S263_1610251300_MP3V1_8G_ROW - Copy.zip'>, <Action name='Copy' path='D:\edu\test\A2010-a-t_S263_1610251300_MP3V1_8G_ROW - Copy.zip'>) done.
2023-06-26 15:00:46.237018 - <ProcessExecutor process=<Process name='Process-1:1' pid=540 parent=12636> thread=<Thread name='MainThread' pid=1844>>. <Status tasks=4 results=1>.
2023-06-26 15:00:46.238022 - <ProcessExecutor process=<Process name='Process-1:1' pid=540 parent=12636> thread=<Thread name='MainThread' pid=1844>>. <Action name='Sequence' actions=(<Action name='Unpack' path='D:\edu\test\A2010-a-t_S263_1610251300_MP3V1_8G_ROW.zip'>, <Action name='Copy' path='D:\edu\test\A2010-a-t_S263_1610251300_MP3V1_8G_ROW.zip'>) processing.
2023-06-26 15:01:01.767123 - <ProcessExecutor process=<Process name='Process-1:1' pid=540 parent=12636> thread=<Thread name='MainThread' pid=1844>>. <Action name='Sequence' actions=(<Action name='Unpack' path='D:\edu\test\A2010-a-t_S263_1610251300_MP3V1_8G_ROW.zip'>, <Action name='Copy' path='D:\edu\test\A2010-a-t_S263_1610251300_MP3V1_8G_ROW.zip'>) done.
2023-06-26 15:01:01.767123 - <ProcessExecutor process=<Process name='Process-1:1' pid=540 parent=12636> thread=<Thread name='MainThread' pid=1844>>. <Status tasks=3 results=2>.
2023-06-26 15:01:01.768088 - <ProcessExecutor process=<Process name='Process-1:1' pid=540 parent=12636> thread=<Thread name='MainThread' pid=1844>>. <Action name='Sequence' actions=(<Action name='Unpack' path='D:\edu\test\A2010-a-t_S264_1701101300_MP3V1_8G_ROW - Copy.zip'>, <Action name='Copy' path='D:\edu\test\A2010-a-t_S264_1701101300_MP3V1_8G_ROW - Copy.zip'>) processing.
2023-06-26 15:01:18.471164 - <ProcessExecutor process=<Process name='Process-1:1' pid=540 parent=12636> thread=<Thread name='MainThread' pid=1844>>. <Action name='Sequence' actions=(<Action name='Unpack' path='D:\edu\test\A2010-a-t_S264_1701101300_MP3V1_8G_ROW - Copy.zip'>, <Action name='Copy' path='D:\edu\test\A2010-a-t_S264_1701101300_MP3V1_8G_ROW - Copy.zip'>) done.
2023-06-26 15:01:18.473172 - <ProcessExecutor process=<Process name='Process-1:1' pid=540 parent=12636> thread=<Thread name='MainThread' pid=1844>>. <Status tasks=2 results=3>.
2023-06-26 15:01:18.475164 - <ProcessExecutor process=<Process name='Process-1:1' pid=540 parent=12636> thread=<Thread name='MainThread' pid=1844>>. <Action name='Sequence' actions=(<Action name='Unpack' path='D:\edu\test\A2010-a-t_S264_1701101300_MP3V1_8G_ROW.zip'>, <Action name='Copy' path='D:\edu\test\A2010-a-t_S264_1701101300_MP3V1_8G_ROW.zip'>) processing.
2023-06-26 15:01:35.657608 - <ProcessExecutor process=<Process name='Process-1:1' pid=540 parent=12636> thread=<Thread name='MainThread' pid=1844>>. <Action name='Sequence' actions=(<Action name='Unpack' path='D:\edu\test\A2010-a-t_S264_1701101300_MP3V1_8G_ROW.zip'>, <Action name='Copy' path='D:\edu\test\A2010-a-t_S264_1701101300_MP3V1_8G_ROW.zip'>) done.
2023-06-26 15:01:35.657608 - <ProcessExecutor process=<Process name='Process-1:1' pid=540 parent=12636> thread=<Thread name='MainThread' pid=1844>>. <Status tasks=1 results=4>.
2023-06-26 15:01:35.659609 - <ProcessExecutor process=<Process name='Process-1:1' pid=540 parent=12636> thread=<Thread name='MainThread' pid=1844>> got sentinel. Exiting.
2023-06-26 15:01:35.659609 - <ProcessExecutor process=<Process name='Process-1:1' pid=540 parent=12636> thread=<Thread name='MainThread' pid=1844>> done.
2023-06-26 15:01:35.682609 - <ProcessesExecutor process=<Process name='Process-1' pid=12636 parent=3516> thread=<Thread name='MainThread' pid=15396>> shutted down.
.
.
.
2023-06-26 15:02:38.588391 - <ProcessesExecutor process=<Process name='MainProcess' pid=4528 parent=None>>. <Task name='Directory traverse' path='D:\edu\test'> scheduled. 
2023-06-26 15:02:38.589392 - <ProcessesExecutor process=<Process name='MainProcess' pid=4528 parent=None>>. Process creation requested.
2023-06-26 15:02:38.591393 - <ProcessesExecutor process=<Process name='MainProcess' pid=4528 parent=None>>. Going to wait for creation request.
2023-06-26 15:02:38.592392 - <ProcessesExecutor process=<Process name='MainProcess' pid=4528 parent=None>>. <Status tasks=1 active=0, workers=0>.
2023-06-26 15:02:38.601391 - <ProcessesExecutor process=<Process name='MainProcess' pid=4528 parent=None>>. <Process name='Process-1' pid=1264 parent=4528 started> started.
2023-06-26 15:02:38.602392 - <ProcessesExecutor process=<Process name='MainProcess' pid=4528 parent=None>>. Going to wait for creation request.
2023-06-26 15:02:38.777392 - <ProcessesExecutor process=<Process name='Process-1' pid=1264 parent=4528>>. Dummy 'ProcessesExecutor' created and setuped.
2023-06-26 15:02:38.777392 - <ProcessesExecutor process=<Process name='Process-1' pid=1264 parent=4528> thread=<Thread name='MainThread' pid=9324>> runned.
2023-06-26 15:02:38.778392 - <ProcessesExecutor process=<Process name='Process-1' pid=1264 parent=4528> thread=<Thread name='MainThread' pid=9324>>. <Status tasks=1 results=0>.
2023-06-26 15:02:38.778392 - <ProcessesExecutor process=<Process name='Process-1' pid=1264 parent=4528> thread=<Thread name='MainThread' pid=9324>>. <Task name='Directory traverse' path='D:\edu\test'> processing.
2023-06-26 15:02:38.781398 - <ProcessesExecutor process=<Process name='Process-1' pid=1264 parent=4528>>. <Task name='Directory traverse' path='D:\edu\test\.vscode'> scheduled. 
2023-06-26 15:02:38.781398 - <ProcessesExecutor process=<Process name='Process-1' pid=1264 parent=4528>>. Process creation requested.
2023-06-26 15:02:38.781398 - <ProcessesExecutor process=<Process name='MainProcess' pid=4528 parent=None>>. <Status tasks=1 active=1, workers=1>.
2023-06-26 15:02:38.783392 - <ProcessesExecutor process=<Process name='Process-1' pid=1264 parent=4528>>. <Action name='Copy' path='D:\edu\test\2.raw'> scheduled. 
2023-06-26 15:02:38.784391 - <ProcessesExecutor process=<Process name='Process-1' pid=1264 parent=4528>>. Process creation requested.
2023-06-26 15:02:38.786392 - <Task process=<Process name='Process-1' pid=1264 parent=4528> thread=<Thread name='MainThread' pid=9324>>. Task(<Task name='Directory traverse' path='D:\edu\test'>). Created child executor(<class 'executors.ProcessExecutor'>).
2023-06-26 15:02:38.786392 - <ProcessesExecutor process=<Process name='MainProcess' pid=4528 parent=None>>. <Process name='Process-2' pid=6836 parent=4528 started> started.
2023-06-26 15:02:38.790391 - <ProcessesExecutor process=<Process name='MainProcess' pid=4528 parent=None>>. Going to wait for creation request.
2023-06-26 15:02:38.793392 - <ProcessesExecutor process=<Process name='MainProcess' pid=4528 parent=None>>. <Status tasks=2 active=2, workers=2>.
2023-06-26 15:02:38.803392 - < process=<Process name='Process-1' pid=1264 parent=4528> thread=<Thread name='MainThread' pid=9324>>. Executor:<Process name='Process-1:1' pid=15640 parent=1264 started> started.
2023-06-26 15:02:38.805392 - <ProcessesExecutor process=<Process name='Process-1' pid=1264 parent=4528>>. <Action name='Copy' path='D:\edu\test\test.py'> scheduled. 
2023-06-26 15:02:38.806393 - <ProcessesExecutor process=<Process name='Process-1' pid=1264 parent=4528>>. Process creation requested.
2023-06-26 15:02:38.813391 - <ProcessesExecutor process=<Process name='Process-1' pid=1264 parent=4528>>. <Action name='Copy' path='D:\edu\test\test2.py'> scheduled. 
2023-06-26 15:02:38.817391 - <ProcessesExecutor process=<Process name='MainProcess' pid=4528 parent=None>>. <Process name='Process-3' pid=492 parent=4528 started> started.
2023-06-26 15:02:38.839392 - <ProcessesExecutor process=<Process name='MainProcess' pid=4528 parent=None>>. Going to wait for creation request.
2023-06-26 15:02:38.852391 - <ProcessesExecutor process=<Process name='MainProcess' pid=4528 parent=None>>. <Status tasks=4 active=3, workers=3>.
2023-06-26 15:02:38.835392 - <ProcessesExecutor process=<Process name='Process-1' pid=1264 parent=4528>>. Process creation requested.
2023-06-26 15:02:38.861392 - <ProcessesExecutor process=<Process name='Process-1' pid=1264 parent=4528>>. <Action name='Sequence' actions=(<Action name='RemoveEmptyDir' path='D:\edu\test\.vscode'>) scheduled. 
2023-06-26 15:02:38.861392 - <ProcessesExecutor process=<Process name='MainProcess' pid=4528 parent=None>>. <Process name='Process-4' pid=8348 parent=4528 started> started.
.
2023-06-26 15:02:38.862392 - <ProcessesExecutor process=<Process name='Process-1' pid=1264 parent=4528>>. Process creation requested.
2023-06-26 15:02:38.875393 - <ProcessesExecutor process=<Process name='Process-1' pid=1264 parent=4528>>. None scheduled.
2023-06-26 15:02:38.886392 - <ProcessesExecutor process=<Process name='Process-1' pid=1264 parent=4528> thread=<Thread name='MainThread' pid=9324>>. <Task name='Directory traverse' path='D:\edu\test'> done.
2023-06-26 15:02:38.891392 - <ProcessesExecutor process=<Process name='Process-1' pid=1264 parent=4528> thread=<Thread name='MainThread' pid=9324>>. <Status tasks=6 results=0>.
2023-06-26 15:02:38.896392 - <ProcessesExecutor process=<Process name='Process-1' pid=1264 parent=4528> thread=<Thread name='MainThread' pid=9324>>. <Task name='Directory traverse' path='D:\edu\test\.vscode'> processing.
2023-06-26 15:02:38.904392 - <ProcessesExecutor process=<Process name='Process-1' pid=1264 parent=4528>>. <Action name='Copy' path='D:\edu\test\.vscode\launch.json'> scheduled. 
2023-06-26 15:02:38.904392 - <ProcessesExecutor process=<Process name='Process-1' pid=1264 parent=4528>>. Process creation requested.
2023-06-26 15:02:38.905392 - <ProcessesExecutor process=<Process name='Process-1' pid=1264 parent=4528>>. None scheduled.
2023-06-26 15:02:38.915393 - <ProcessesExecutor process=<Process name='Process-1' pid=1264 parent=4528> thread=<Thread name='MainThread' pid=9324>>. <Task name='Directory traverse' path='D:\edu\test\.vscode'> done.
2023-06-26 15:02:38.919393 - <ProcessesExecutor process=<Process name='Process-1' pid=1264 parent=4528> thread=<Thread name='MainThread' pid=9324>>. <Status tasks=7 results=0>.
2023-06-26 15:02:38.929392 - <ProcessesExecutor process=<Process name='Process-1' pid=1264 parent=4528> thread=<Thread name='MainThread' pid=9324>>. <Action name='Copy' path='D:\edu\test\2.raw'> processing.
2023-06-26 15:02:39.109391 - <ProcessesExecutor process=<Process name='Process-2' pid=6836 parent=4528>>. Dummy 'ProcessesExecutor' created and setuped.
2023-06-26 15:02:39.110392 - <ProcessesExecutor process=<Process name='Process-2' pid=6836 parent=4528> thread=<Thread name='MainThread' pid=4980>> runned.
2023-06-26 15:02:39.110392 - <ProcessesExecutor process=<Process name='Process-2' pid=6836 parent=4528> thread=<Thread name='MainThread' pid=4980>>. <Status tasks=6 results=0>.
2023-06-26 15:02:39.111393 - <ProcessesExecutor process=<Process name='Process-2' pid=6836 parent=4528> thread=<Thread name='MainThread' pid=4980>>. <Action name='Copy' path='D:\edu\test\test.py'> processing.
2023-06-26 15:02:39.113393 - <ProcessesExecutor process=<Process name='Process-2' pid=6836 parent=4528> thread=<Thread name='MainThread' pid=4980>>. <Action name='Copy' path='D:\edu\test\test.py'> done.
2023-06-26 15:02:39.143391 - <ProcessesExecutor process=<Process name='Process-2' pid=6836 parent=4528> thread=<Thread name='MainThread' pid=4980>>. <Status tasks=5 results=1>.
2023-06-26 15:02:39.143391 - <ProcessesExecutor process=<Process name='Process-2' pid=6836 parent=4528> thread=<Thread name='MainThread' pid=4980>>. <Action name='Copy' path='D:\edu\test\test2.py'> processing.
2023-06-26 15:02:39.145392 - <ProcessesExecutor process=<Process name='Process-2' pid=6836 parent=4528> thread=<Thread name='MainThread' pid=4980>>. <Action name='Copy' path='D:\edu\test\test2.py'> done.
2023-06-26 15:02:39.146393 - <ProcessesExecutor process=<Process name='Process-2' pid=6836 parent=4528> thread=<Thread name='MainThread' pid=4980>>. <Status tasks=4 results=2>.
2023-06-26 15:02:39.153392 - <ProcessesExecutor process=<Process name='Process-2' pid=6836 parent=4528> thread=<Thread name='MainThread' pid=4980>>. <Action name='Sequence' actions=(<Action name='RemoveEmptyDir' path='D:\edu\test\.vscode'>) processing.
2023-06-26 15:02:39.170391 - <ProcessesExecutor process=<Process name='Process-2' pid=6836 parent=4528> thread=<Thread name='MainThread' pid=4980>>. <Action name='Sequence' actions=(<Action name='RemoveEmptyDir' path='D:\edu\test\.vscode'>) done.
2023-06-26 15:02:39.183392 - <ProcessesExecutor process=<Process name='Process-2' pid=6836 parent=4528> thread=<Thread name='MainThread' pid=4980>>. <Status tasks=3 results=3>.
2023-06-26 15:02:39.195393 - <ProcessesExecutor process=<Process name='Process-2' pid=6836 parent=4528> thread=<Thread name='MainThread' pid=4980>>. <Action name='Copy' path='D:\edu\test\.vscode\launch.json'> processing.
2023-06-26 15:02:39.205394 - <ProcessesExecutor process=<Process name='Process-2' pid=6836 parent=4528> thread=<Thread name='MainThread' pid=4980>>. <Action name='Copy' path='D:\edu\test\.vscode\launch.json'> done.
2023-06-26 15:02:39.216393 - <ProcessesExecutor process=<Process name='Process-4' pid=8348 parent=4528>>. Dummy 'ProcessesExecutor' created and setuped.
2023-06-26 15:02:39.219393 - <ProcessesExecutor process=<Process name='Process-4' pid=8348 parent=4528> thread=<Thread name='MainThread' pid=11148>> runned.
2023-06-26 15:02:39.226392 - <ProcessesExecutor process=<Process name='Process-4' pid=8348 parent=4528> thread=<Thread name='MainThread' pid=11148>>. <Status tasks=1 results=4>.
2023-06-26 15:02:39.217393 - <ProcessesExecutor process=<Process name='Process-2' pid=6836 parent=4528> thread=<Thread name='MainThread' pid=4980>>. <Status tasks=1 results=4>.
2023-06-26 15:02:39.236394 - <ProcessesExecutor process=<Process name='Process-4' pid=8348 parent=4528> thread=<Thread name='MainThread' pid=11148>> got sentinel. Exiting.
2023-06-26 15:02:39.242391 - <ProcessesExecutor process=<Process name='Process-4' pid=8348 parent=4528> thread=<Thread name='MainThread' pid=11148>> done.
2023-06-26 15:02:39.244392 - <ProcessesExecutor process=<Process name='Process-4' pid=8348 parent=4528> thread=<Thread name='MainThread' pid=11148>> exiting signaled. 
2023-06-26 15:02:39.245392 - <ProcessesExecutor process=<Process name='Process-2' pid=6836 parent=4528> thread=<Thread name='MainThread' pid=4980>> got sentinel. Exiting.
2023-06-26 15:02:39.248392 - <ProcessesExecutor process=<Process name='Process-2' pid=6836 parent=4528> thread=<Thread name='MainThread' pid=4980>> done.
2023-06-26 15:02:39.253391 - <ProcessesExecutor process=<Process name='Process-2' pid=6836 parent=4528> thread=<Thread name='MainThread' pid=4980>> exiting signaled. 
2023-06-26 15:02:39.322392 - <ProcessesExecutor process=<Process name='Process-3' pid=492 parent=4528>>. Dummy 'ProcessesExecutor' created and setuped.
2023-06-26 15:02:39.324391 - <ProcessesExecutor process=<Process name='Process-3' pid=492 parent=4528> thread=<Thread name='MainThread' pid=10056>> runned.
2023-06-26 15:02:39.325392 - <ProcessesExecutor process=<Process name='Process-3' pid=492 parent=4528> thread=<Thread name='MainThread' pid=10056>>. <Status tasks=3 results=4>.
2023-06-26 15:02:39.326392 - <ProcessesExecutor process=<Process name='Process-3' pid=492 parent=4528> thread=<Thread name='MainThread' pid=10056>> got sentinel. Exiting.
2023-06-26 15:02:39.327392 - <ProcessesExecutor process=<Process name='Process-3' pid=492 parent=4528> thread=<Thread name='MainThread' pid=10056>> done.
2023-06-26 15:02:39.327392 - <ProcessesExecutor process=<Process name='Process-3' pid=492 parent=4528> thread=<Thread name='MainThread' pid=10056>> exiting signaled. 
2023-06-26 15:02:39.354391 - <ProcessExecutor process=<Process name='Process-1:1' pid=15640 parent=1264> thread=<Thread name='MainThread' pid=4140>> runned.
2023-06-26 15:02:39.357392 - <ProcessExecutor process=<Process name='Process-1:1' pid=15640 parent=1264> thread=<Thread name='MainThread' pid=4140>>. <Status tasks=4 results=0>.
2023-06-26 15:02:39.359391 - <ProcessExecutor process=<Process name='Process-1:1' pid=15640 parent=1264> thread=<Thread name='MainThread' pid=4140>>. <Action name='Sequence' actions=(<Action name='Unpack' path='D:\edu\test\A2010-a-t_S263_1610251300_MP3V1_8G_ROW - Copy.zip'>, <Action name='Copy' path='D:\edu\test\A2010-a-t_S263_1610251300_MP3V1_8G_ROW - Copy.zip'>) processing.
2023-06-26 15:02:39.951391 - <ProcessesExecutor process=<Process name='Process-1' pid=1264 parent=4528> thread=<Thread name='MainThread' pid=9324>>. <Action name='Copy' path='D:\edu\test\2.raw'> done.
2023-06-26 15:02:39.953391 - <ProcessesExecutor process=<Process name='Process-1' pid=1264 parent=4528> thread=<Thread name='MainThread' pid=9324>>. <Status tasks=2 results=5>.
2023-06-26 15:02:39.953391 - <ProcessesExecutor process=<Process name='Process-1' pid=1264 parent=4528> thread=<Thread name='MainThread' pid=9324>> got sentinel. Exiting.
2023-06-26 15:02:39.953391 - <ProcessesExecutor process=<Process name='Process-1' pid=1264 parent=4528> thread=<Thread name='MainThread' pid=9324>> done.
2023-06-26 15:02:39.954392 - <ProcessesExecutor process=<Process name='Process-1' pid=1264 parent=4528> thread=<Thread name='MainThread' pid=9324>> exiting signaled. 
2023-06-26 15:02:56.860857 - <ProcessExecutor process=<Process name='Process-1:1' pid=15640 parent=1264> thread=<Thread name='MainThread' pid=4140>>. <Action name='Sequence' actions=(<Action name='Unpack' path='D:\edu\test\A2010-a-t_S263_1610251300_MP3V1_8G_ROW - Copy.zip'>, <Action name='Copy' path='D:\edu\test\A2010-a-t_S263_1610251300_MP3V1_8G_ROW - Copy.zip'>) done.
2023-06-26 15:02:56.862859 - <ProcessExecutor process=<Process name='Process-1:1' pid=15640 parent=1264> thread=<Thread name='MainThread' pid=4140>>. <Status tasks=4 results=1>.
2023-06-26 15:02:56.862859 - <ProcessExecutor process=<Process name='Process-1:1' pid=15640 parent=1264> thread=<Thread name='MainThread' pid=4140>>. <Action name='Sequence' actions=(<Action name='Unpack' path='D:\edu\test\A2010-a-t_S263_1610251300_MP3V1_8G_ROW.zip'>, <Action name='Copy' path='D:\edu\test\A2010-a-t_S263_1610251300_MP3V1_8G_ROW.zip'>) processing.
2023-06-26 15:03:14.064043 - <ProcessExecutor process=<Process name='Process-1:1' pid=15640 parent=1264> thread=<Thread name='MainThread' pid=4140>>. <Action name='Sequence' actions=(<Action name='Unpack' path='D:\edu\test\A2010-a-t_S263_1610251300_MP3V1_8G_ROW.zip'>, <Action name='Copy' path='D:\edu\test\A2010-a-t_S263_1610251300_MP3V1_8G_ROW.zip'>) done.
2023-06-26 15:03:14.065042 - <ProcessExecutor process=<Process name='Process-1:1' pid=15640 parent=1264> thread=<Thread name='MainThread' pid=4140>>. <Status tasks=3 results=2>.
2023-06-26 15:03:14.065042 - <ProcessExecutor process=<Process name='Process-1:1' pid=15640 parent=1264> thread=<Thread name='MainThread' pid=4140>>. <Action name='Sequence' actions=(<Action name='Unpack' path='D:\edu\test\A2010-a-t_S264_1701101300_MP3V1_8G_ROW - Copy.zip'>, <Action name='Copy' path='D:\edu\test\A2010-a-t_S264_1701101300_MP3V1_8G_ROW - Copy.zip'>) processing.
2023-06-26 15:03:31.001597 - <ProcessExecutor process=<Process name='Process-1:1' pid=15640 parent=1264> thread=<Thread name='MainThread' pid=4140>>. <Action name='Sequence' actions=(<Action name='Unpack' path='D:\edu\test\A2010-a-t_S264_1701101300_MP3V1_8G_ROW - Copy.zip'>, <Action name='Copy' path='D:\edu\test\A2010-a-t_S264_1701101300_MP3V1_8G_ROW - Copy.zip'>) done.
2023-06-26 15:03:31.001597 - <ProcessExecutor process=<Process name='Process-1:1' pid=15640 parent=1264> thread=<Thread name='MainThread' pid=4140>>. <Status tasks=2 results=3>.
2023-06-26 15:03:31.002604 - <ProcessExecutor process=<Process name='Process-1:1' pid=15640 parent=1264> thread=<Thread name='MainThread' pid=4140>>. <Action name='Sequence' actions=(<Action name='Unpack' path='D:\edu\test\A2010-a-t_S264_1701101300_MP3V1_8G_ROW.zip'>, <Action name='Copy' path='D:\edu\test\A2010-a-t_S264_1701101300_MP3V1_8G_ROW.zip'>) processing.
2023-06-26 15:03:48.314036 - <ProcessExecutor process=<Process name='Process-1:1' pid=15640 parent=1264> thread=<Thread name='MainThread' pid=4140>>. <Action name='Sequence' actions=(<Action name='Unpack' path='D:\edu\test\A2010-a-t_S264_1701101300_MP3V1_8G_ROW.zip'>, <Action name='Copy' path='D:\edu\test\A2010-a-t_S264_1701101300_MP3V1_8G_ROW.zip'>) done.
2023-06-26 15:03:48.315037 - <ProcessExecutor process=<Process name='Process-1:1' pid=15640 parent=1264> thread=<Thread name='MainThread' pid=4140>>. <Status tasks=1 results=4>.
2023-06-26 15:03:48.316038 - <ProcessExecutor process=<Process name='Process-1:1' pid=15640 parent=1264> thread=<Thread name='MainThread' pid=4140>> got sentinel. Exiting.
2023-06-26 15:03:48.317037 - <ProcessExecutor process=<Process name='Process-1:1' pid=15640 parent=1264> thread=<Thread name='MainThread' pid=4140>> done.
2023-06-26 15:03:48.336039 - <ProcessesExecutor process=<Process name='Process-1' pid=1264 parent=4528> thread=<Thread name='MainThread' pid=9324>> shutted down.
.
.
.
2023-06-26 15:05:56.771377 - <ProcessesExecutor process=<Process name='MainProcess' pid=8300 parent=None>>. <Task name='Directory traverse' path='D:\edu\test'> scheduled. 
2023-06-26 15:05:56.772377 - <ProcessesExecutor process=<Process name='MainProcess' pid=8300 parent=None>>. Process creation requested.
2023-06-26 15:05:56.773377 - <ProcessesExecutor process=<Process name='MainProcess' pid=8300 parent=None>>. Going to wait for creation request.
2023-06-26 15:05:56.774378 - <ProcessesExecutor process=<Process name='MainProcess' pid=8300 parent=None>>. <Status tasks=1 active=0, workers=0>.
2023-06-26 15:05:56.784378 - <ProcessesExecutor process=<Process name='MainProcess' pid=8300 parent=None>>. <Process name='Process-1' pid=9464 parent=8300 started> started.
2023-06-26 15:05:56.788378 - <ProcessesExecutor process=<Process name='MainProcess' pid=8300 parent=None>>. Going to wait for creation request.
2023-06-26 15:05:56.959378 - <ProcessesExecutor process=<Process name='Process-1' pid=9464 parent=8300>>. Dummy 'ProcessesExecutor' created and setuped.
2023-06-26 15:05:56.959378 - <ProcessesExecutor process=<Process name='Process-1' pid=9464 parent=8300> thread=<Thread name='MainThread' pid=15112>> runned.
2023-06-26 15:05:56.960379 - <ProcessesExecutor process=<Process name='Process-1' pid=9464 parent=8300> thread=<Thread name='MainThread' pid=15112>>. <Status tasks=1 results=0>.
2023-06-26 15:05:56.961378 - <ProcessesExecutor process=<Process name='Process-1' pid=9464 parent=8300> thread=<Thread name='MainThread' pid=15112>>. <Task name='Directory traverse' path='D:\edu\test'> processing.
2023-06-26 15:05:56.963377 - <ProcessesExecutor process=<Process name='Process-1' pid=9464 parent=8300>>. <Task name='Directory traverse' path='D:\edu\test\.vscode'> scheduled. 
2023-06-26 15:05:56.963377 - <ProcessesExecutor process=<Process name='Process-1' pid=9464 parent=8300>>. Process creation requested.
2023-06-26 15:05:56.964378 - <ProcessesExecutor process=<Process name='MainProcess' pid=8300 parent=None>>. <Status tasks=1 active=1, workers=1>.
2023-06-26 15:05:56.964378 - <ProcessesExecutor process=<Process name='Process-1' pid=9464 parent=8300>>. <Action name='Copy' path='D:\edu\test\2.raw'> scheduled. 
2023-06-26 15:05:56.965379 - <ProcessesExecutor process=<Process name='Process-1' pid=9464 parent=8300>>. Process creation requested.
2023-06-26 15:05:56.968378 - <Task process=<Process name='Process-1' pid=9464 parent=8300> thread=<Thread name='MainThread' pid=15112>>. Task(<Task name='Directory traverse' path='D:\edu\test'>). Created child executor(<class 'executors.ProcessExecutor'>).
2023-06-26 15:05:56.969378 - <ProcessesExecutor process=<Process name='MainProcess' pid=8300 parent=None>>. <Process name='Process-2' pid=13584 parent=8300 started> started.
2023-06-26 15:05:56.969378 - <ProcessesExecutor process=<Process name='MainProcess' pid=8300 parent=None>>. Going to wait for creation request.
2023-06-26 15:05:56.970378 - <ProcessesExecutor process=<Process name='MainProcess' pid=8300 parent=None>>. <Status tasks=2 active=2, workers=2>.
2023-06-26 15:05:56.976378 - <ProcessesExecutor process=<Process name='MainProcess' pid=8300 parent=None>>. <Process name='Process-3' pid=16816 parent=8300 started> started.
2023-06-26 15:05:56.977378 - <ProcessesExecutor process=<Process name='MainProcess' pid=8300 parent=None>>. Going to wait for creation request.
2023-06-26 15:05:56.982378 - < process=<Process name='Process-1' pid=9464 parent=8300> thread=<Thread name='MainThread' pid=15112>>. Executor:<Process name='Process-1:1' pid=3684 parent=9464 started> started.
2023-06-26 15:05:56.997378 - <ProcessesExecutor process=<Process name='Process-1' pid=9464 parent=8300>>. <Action name='Copy' path='D:\edu\test\test.py'> scheduled. 
2023-06-26 15:05:56.998378 - <ProcessesExecutor process=<Process name='Process-1' pid=9464 parent=8300>>. Process creation requested.
2023-06-26 15:05:56.998378 - <ProcessesExecutor process=<Process name='MainProcess' pid=8300 parent=None>>. <Status tasks=3 active=3, workers=3>.
2023-06-26 15:05:57.010378 - <ProcessesExecutor process=<Process name='Process-1' pid=9464 parent=8300>>. <Action name='Copy' path='D:\edu\test\test2.py'> scheduled. 
2023-06-26 15:05:57.012379 - <ProcessesExecutor process=<Process name='Process-1' pid=9464 parent=8300>>. Process creation requested.
2023-06-26 15:05:57.014378 - <ProcessesExecutor process=<Process name='Process-1' pid=9464 parent=8300>>. <Action name='Sequence' actions=(<Action name='RemoveEmptyDir' path='D:\edu\test\.vscode'>) scheduled. 
2023-06-26 15:05:57.019378 - <ProcessesExecutor process=<Process name='Process-1' pid=9464 parent=8300>>. Process creation requested.
2023-06-26 15:05:57.021380 - <ProcessesExecutor process=<Process name='Process-1' pid=9464 parent=8300>>. None scheduled.
2023-06-26 15:05:57.021380 - <ProcessesExecutor process=<Process name='MainProcess' pid=8300 parent=None>>. <Process name='Process-4' pid=13144 parent=8300 started> started.
2023-06-26 15:05:57.024379 - <ProcessesExecutor process=<Process name='MainProcess' pid=8300 parent=None>>. Going to wait for <Process name='Process-1' pid=9464 parent=8300 started>.
2023-06-26 15:05:57.023379 - <ProcessesExecutor process=<Process name='Process-1' pid=9464 parent=8300> thread=<Thread name='MainThread' pid=15112>>. <Task name='Directory traverse' path='D:\edu\test'> done.
2023-06-26 15:05:57.032377 - <ProcessesExecutor process=<Process name='Process-1' pid=9464 parent=8300> thread=<Thread name='MainThread' pid=15112>>. <Status tasks=6 results=0>.
2023-06-26 15:05:57.035380 - <ProcessesExecutor process=<Process name='Process-1' pid=9464 parent=8300> thread=<Thread name='MainThread' pid=15112>>. <Task name='Directory traverse' path='D:\edu\test\.vscode'> processing.
2023-06-26 15:05:57.038378 - <ProcessesExecutor process=<Process name='Process-1' pid=9464 parent=8300>>. <Action name='Copy' path='D:\edu\test\.vscode\launch.json'> scheduled. 
2023-06-26 15:05:57.040378 - <ProcessesExecutor process=<Process name='Process-1' pid=9464 parent=8300>>. Process creation requested.
2023-06-26 15:05:57.042378 - <ProcessesExecutor process=<Process name='Process-1' pid=9464 parent=8300>>. None scheduled.
2023-06-26 15:05:57.043378 - <ProcessesExecutor process=<Process name='Process-1' pid=9464 parent=8300> thread=<Thread name='MainThread' pid=15112>>. <Task name='Directory traverse' path='D:\edu\test\.vscode'> done.
2023-06-26 15:05:57.045378 - <ProcessesExecutor process=<Process name='Process-1' pid=9464 parent=8300> thread=<Thread name='MainThread' pid=15112>>. <Status tasks=7 results=0>.
2023-06-26 15:05:57.048378 - <ProcessesExecutor process=<Process name='Process-1' pid=9464 parent=8300> thread=<Thread name='MainThread' pid=15112>>. <Action name='Copy' path='D:\edu\test\2.raw'> processing.
2023-06-26 15:05:57.232892 - <ProcessesExecutor process=<Process name='Process-4' pid=13144 parent=8300>>. Dummy 'ProcessesExecutor' created and setuped.
2023-06-26 15:05:57.233892 - <ProcessesExecutor process=<Process name='Process-4' pid=13144 parent=8300> thread=<Thread name='MainThread' pid=7924>> runned.
2023-06-26 15:05:57.233892 - <ProcessesExecutor process=<Process name='Process-4' pid=13144 parent=8300> thread=<Thread name='MainThread' pid=7924>>. <Status tasks=6 results=0>.
2023-06-26 15:05:57.238892 - <ProcessesExecutor process=<Process name='Process-4' pid=13144 parent=8300> thread=<Thread name='MainThread' pid=7924>>. <Action name='Copy' path='D:\edu\test\test.py'> processing.
2023-06-26 15:05:57.241891 - <ProcessesExecutor process=<Process name='Process-4' pid=13144 parent=8300> thread=<Thread name='MainThread' pid=7924>>. <Action name='Copy' path='D:\edu\test\test.py'> done.
2023-06-26 15:05:57.278891 - <ProcessesExecutor process=<Process name='Process-4' pid=13144 parent=8300> thread=<Thread name='MainThread' pid=7924>>. <Status tasks=5 results=1>.
2023-06-26 15:05:57.278891 - <ProcessesExecutor process=<Process name='Process-4' pid=13144 parent=8300> thread=<Thread name='MainThread' pid=7924>>. <Action name='Copy' path='D:\edu\test\test2.py'> processing.
2023-06-26 15:05:57.282891 - <ProcessesExecutor process=<Process name='Process-4' pid=13144 parent=8300> thread=<Thread name='MainThread' pid=7924>>. <Action name='Copy' path='D:\edu\test\test2.py'> done.
2023-06-26 15:05:57.286892 - <ProcessesExecutor process=<Process name='Process-4' pid=13144 parent=8300> thread=<Thread name='MainThread' pid=7924>>. <Status tasks=4 results=2>.
2023-06-26 15:05:57.291891 - <ProcessesExecutor process=<Process name='Process-4' pid=13144 parent=8300> thread=<Thread name='MainThread' pid=7924>>. <Action name='Sequence' actions=(<Action name='RemoveEmptyDir' path='D:\edu\test\.vscode'>) processing.
2023-06-26 15:05:57.295892 - <ProcessesExecutor process=<Process name='Process-4' pid=13144 parent=8300> thread=<Thread name='MainThread' pid=7924>>. <Action name='Sequence' actions=(<Action name='RemoveEmptyDir' path='D:\edu\test\.vscode'>) done.
2023-06-26 15:05:57.297892 - <ProcessesExecutor process=<Process name='Process-4' pid=13144 parent=8300> thread=<Thread name='MainThread' pid=7924>>. <Status tasks=3 results=3>.
2023-06-26 15:05:57.299891 - <ProcessesExecutor process=<Process name='Process-4' pid=13144 parent=8300> thread=<Thread name='MainThread' pid=7924>>. <Action name='Copy' path='D:\edu\test\.vscode\launch.json'> processing.
2023-06-26 15:05:57.308891 - <ProcessesExecutor process=<Process name='Process-4' pid=13144 parent=8300> thread=<Thread name='MainThread' pid=7924>>. <Action name='Copy' path='D:\edu\test\.vscode\launch.json'> done.
2023-06-26 15:05:57.313891 - <ProcessesExecutor process=<Process name='Process-4' pid=13144 parent=8300> thread=<Thread name='MainThread' pid=7924>>. <Status tasks=1 results=4>.
2023-06-26 15:05:57.331891 - <ProcessesExecutor process=<Process name='Process-4' pid=13144 parent=8300> thread=<Thread name='MainThread' pid=7924>> got sentinel. Exiting.
2023-06-26 15:05:57.332893 - <ProcessesExecutor process=<Process name='Process-4' pid=13144 parent=8300> thread=<Thread name='MainThread' pid=7924>> done.
2023-06-26 15:05:57.341893 - <ProcessesExecutor process=<Process name='Process-4' pid=13144 parent=8300> thread=<Thread name='MainThread' pid=7924>> exiting signaled. 
2023-06-26 15:05:57.357891 - <ProcessesExecutor process=<Process name='Process-2' pid=13584 parent=8300>>. Dummy 'ProcessesExecutor' created and setuped.
2023-06-26 15:05:57.358891 - <ProcessesExecutor process=<Process name='Process-2' pid=13584 parent=8300> thread=<Thread name='MainThread' pid=4152>> runned.
2023-06-26 15:05:57.359892 - <ProcessesExecutor process=<Process name='Process-2' pid=13584 parent=8300> thread=<Thread name='MainThread' pid=4152>>. <Status tasks=2 results=4>.
2023-06-26 15:05:57.410891 - <ProcessesExecutor process=<Process name='Process-2' pid=13584 parent=8300> thread=<Thread name='MainThread' pid=4152>> got sentinel. Exiting.
2023-06-26 15:05:57.412892 - <ProcessesExecutor process=<Process name='Process-2' pid=13584 parent=8300> thread=<Thread name='MainThread' pid=4152>> done.
2023-06-26 15:05:57.413891 - <ProcessesExecutor process=<Process name='Process-2' pid=13584 parent=8300> thread=<Thread name='MainThread' pid=4152>> exiting signaled. 
2023-06-26 15:05:57.435892 - <ProcessesExecutor process=<Process name='Process-3' pid=16816 parent=8300>>. Dummy 'ProcessesExecutor' created and setuped.
2023-06-26 15:05:57.436890 - <ProcessesExecutor process=<Process name='Process-3' pid=16816 parent=8300> thread=<Thread name='MainThread' pid=8740>> runned.
2023-06-26 15:05:57.443891 - <ProcessesExecutor process=<Process name='Process-3' pid=16816 parent=8300> thread=<Thread name='MainThread' pid=8740>>. <Status tasks=2 results=4>.
2023-06-26 15:05:57.452891 - <ProcessExecutor process=<Process name='Process-1:1' pid=3684 parent=9464> thread=<Thread name='MainThread' pid=3752>> runned.
2023-06-26 15:05:57.453891 - <ProcessExecutor process=<Process name='Process-1:1' pid=3684 parent=9464> thread=<Thread name='MainThread' pid=3752>>. <Status tasks=4 results=0>.
2023-06-26 15:05:57.453891 - <ProcessExecutor process=<Process name='Process-1:1' pid=3684 parent=9464> thread=<Thread name='MainThread' pid=3752>>. <Action name='Sequence' actions=(<Action name='Unpack' path='D:\edu\test\A2010-a-t_S263_1610251300_MP3V1_8G_ROW - Copy.zip'>, <Action name='Copy' path='D:\edu\test\A2010-a-t_S263_1610251300_MP3V1_8G_ROW - Copy.zip'>) processing.
2023-06-26 15:05:57.461892 - <ProcessesExecutor process=<Process name='Process-3' pid=16816 parent=8300> thread=<Thread name='MainThread' pid=8740>> got sentinel. Exiting.
2023-06-26 15:05:57.462893 - <ProcessesExecutor process=<Process name='Process-3' pid=16816 parent=8300> thread=<Thread name='MainThread' pid=8740>> done.
2023-06-26 15:05:57.462893 - <ProcessesExecutor process=<Process name='Process-3' pid=16816 parent=8300> thread=<Thread name='MainThread' pid=8740>> exiting signaled. 
2023-06-26 15:05:58.083892 - <ProcessesExecutor process=<Process name='Process-1' pid=9464 parent=8300> thread=<Thread name='MainThread' pid=15112>>. <Action name='Copy' path='D:\edu\test\2.raw'> done.
2023-06-26 15:05:58.085893 - <ProcessesExecutor process=<Process name='Process-1' pid=9464 parent=8300> thread=<Thread name='MainThread' pid=15112>>. <Status tasks=2 results=5>.
2023-06-26 15:05:58.086891 - <ProcessesExecutor process=<Process name='Process-1' pid=9464 parent=8300> thread=<Thread name='MainThread' pid=15112>> got sentinel. Exiting.
2023-06-26 15:05:58.086891 - <ProcessesExecutor process=<Process name='Process-1' pid=9464 parent=8300> thread=<Thread name='MainThread' pid=15112>> done.
2023-06-26 15:05:58.087891 - <ProcessesExecutor process=<Process name='Process-1' pid=9464 parent=8300> thread=<Thread name='MainThread' pid=15112>> exiting signaled. 
2023-06-26 15:06:18.959611 - <ProcessExecutor process=<Process name='Process-1:1' pid=3684 parent=9464> thread=<Thread name='MainThread' pid=3752>>. <Action name='Sequence' actions=(<Action name='Unpack' path='D:\edu\test\A2010-a-t_S263_1610251300_MP3V1_8G_ROW - Copy.zip'>, <Action name='Copy' path='D:\edu\test\A2010-a-t_S263_1610251300_MP3V1_8G_ROW - Copy.zip'>) done.
2023-06-26 15:06:18.962611 - <ProcessExecutor process=<Process name='Process-1:1' pid=3684 parent=9464> thread=<Thread name='MainThread' pid=3752>>. <Status tasks=4 results=1>.
2023-06-26 15:06:18.962611 - <ProcessExecutor process=<Process name='Process-1:1' pid=3684 parent=9464> thread=<Thread name='MainThread' pid=3752>>. <Action name='Sequence' actions=(<Action name='Unpack' path='D:\edu\test\A2010-a-t_S263_1610251300_MP3V1_8G_ROW.zip'>, <Action name='Copy' path='D:\edu\test\A2010-a-t_S263_1610251300_MP3V1_8G_ROW.zip'>) processing.
2023-06-26 15:06:37.235889 - <ProcessExecutor process=<Process name='Process-1:1' pid=3684 parent=9464> thread=<Thread name='MainThread' pid=3752>>. <Action name='Sequence' actions=(<Action name='Unpack' path='D:\edu\test\A2010-a-t_S263_1610251300_MP3V1_8G_ROW.zip'>, <Action name='Copy' path='D:\edu\test\A2010-a-t_S263_1610251300_MP3V1_8G_ROW.zip'>) done.
2023-06-26 15:06:37.235889 - <ProcessExecutor process=<Process name='Process-1:1' pid=3684 parent=9464> thread=<Thread name='MainThread' pid=3752>>. <Status tasks=3 results=2>.
2023-06-26 15:06:37.235889 - <ProcessExecutor process=<Process name='Process-1:1' pid=3684 parent=9464> thread=<Thread name='MainThread' pid=3752>>. <Action name='Sequence' actions=(<Action name='Unpack' path='D:\edu\test\A2010-a-t_S264_1701101300_MP3V1_8G_ROW - Copy.zip'>, <Action name='Copy' path='D:\edu\test\A2010-a-t_S264_1701101300_MP3V1_8G_ROW - Copy.zip'>) processing.
2023-06-26 15:06:58.814129 - <ProcessExecutor process=<Process name='Process-1:1' pid=3684 parent=9464> thread=<Thread name='MainThread' pid=3752>>. <Action name='Sequence' actions=(<Action name='Unpack' path='D:\edu\test\A2010-a-t_S264_1701101300_MP3V1_8G_ROW - Copy.zip'>, <Action name='Copy' path='D:\edu\test\A2010-a-t_S264_1701101300_MP3V1_8G_ROW - Copy.zip'>) done.
2023-06-26 15:06:58.815129 - <ProcessExecutor process=<Process name='Process-1:1' pid=3684 parent=9464> thread=<Thread name='MainThread' pid=3752>>. <Status tasks=2 results=3>.
2023-06-26 15:06:58.815129 - <ProcessExecutor process=<Process name='Process-1:1' pid=3684 parent=9464> thread=<Thread name='MainThread' pid=3752>>. <Action name='Sequence' actions=(<Action name='Unpack' path='D:\edu\test\A2010-a-t_S264_1701101300_MP3V1_8G_ROW.zip'>, <Action name='Copy' path='D:\edu\test\A2010-a-t_S264_1701101300_MP3V1_8G_ROW.zip'>) processing.
2023-06-26 15:07:18.001129 - <ProcessExecutor process=<Process name='Process-1:1' pid=3684 parent=9464> thread=<Thread name='MainThread' pid=3752>>. <Action name='Sequence' actions=(<Action name='Unpack' path='D:\edu\test\A2010-a-t_S264_1701101300_MP3V1_8G_ROW.zip'>, <Action name='Copy' path='D:\edu\test\A2010-a-t_S264_1701101300_MP3V1_8G_ROW.zip'>) done.
2023-06-26 15:07:18.001129 - <ProcessExecutor process=<Process name='Process-1:1' pid=3684 parent=9464> thread=<Thread name='MainThread' pid=3752>>. <Status tasks=1 results=4>.
2023-06-26 15:07:18.003131 - <ProcessExecutor process=<Process name='Process-1:1' pid=3684 parent=9464> thread=<Thread name='MainThread' pid=3752>> got sentinel. Exiting.
2023-06-26 15:07:18.003131 - <ProcessExecutor process=<Process name='Process-1:1' pid=3684 parent=9464> thread=<Thread name='MainThread' pid=3752>> done.
2023-06-26 15:07:18.027129 - <ProcessesExecutor process=<Process name='Process-1' pid=9464 parent=8300> thread=<Thread name='MainThread' pid=15112>> shutted down.
2023-06-26 15:07:18.056130 - <ProcessesExecutor process=<Process name='MainProcess' pid=8300 parent=None>>. Going to wait for <Process name='Process-2' pid=13584 parent=8300 stopped exitcode=0>.
2023-06-26 15:07:18.058132 - <ProcessesExecutor process=<Process name='MainProcess' pid=8300 parent=None>>. Going to wait for <Process name='Process-3' pid=16816 parent=8300 stopped exitcode=0>.
2023-06-26 15:07:18.058132 - <ProcessesExecutor process=<Process name='MainProcess' pid=8300 parent=None>>. Going to wait for <Process name='Process-4' pid=13144 parent=8300 stopped exitcode=0>.
2023-06-26 15:21:21.526052 - <ProcessesExecutor process=<Process name='MainProcess' pid=17112 parent=None>>. <Task name='Directory traverse' path='D:\edu\test'> scheduled. 
2023-06-26 15:21:21.527052 - <ProcessesExecutor process=<Process name='MainProcess' pid=17112 parent=None>>. Process creation requested.
2023-06-26 15:21:21.528053 - <ProcessesExecutor process=<Process name='MainProcess' pid=17112 parent=None>>. Going to wait for creation request.
2023-06-26 15:21:21.529052 - <ProcessesExecutor process=<Process name='MainProcess' pid=17112 parent=None>>. <Status tasks=1 active=0, workers=0>.
2023-06-26 15:21:21.540053 - <ProcessesExecutor process=<Process name='MainProcess' pid=17112 parent=None>>. <Process name='Process-1' pid=16560 parent=17112 started> started.
2023-06-26 15:21:21.541053 - <ProcessesExecutor process=<Process name='MainProcess' pid=17112 parent=None>>. Going to wait for creation request.
2023-06-26 15:21:22.079568 - <ProcessesExecutor process=<Process name='Process-1' pid=16560 parent=17112>>. Dummy 'ProcessesExecutor' created and setuped.
2023-06-26 15:21:22.081538 - <ProcessesExecutor process=<Process name='Process-1' pid=16560 parent=17112> thread=<Thread name='MainThread' pid=16588>> runned.
2023-06-26 15:21:22.082569 - <ProcessesExecutor process=<Process name='Process-1' pid=16560 parent=17112> thread=<Thread name='MainThread' pid=16588>>. <Status tasks=1 results=0>.
2023-06-26 15:21:22.084537 - <ProcessesExecutor process=<Process name='Process-1' pid=16560 parent=17112> thread=<Thread name='MainThread' pid=16588>>. <Task name='Directory traverse' path='D:\edu\test'> processing.
2023-06-26 15:21:40.402315 - <ProcessesExecutor process=<Process name='Process-1' pid=16560 parent=17112> thread=<Thread name='MainThread' pid=16588>>. Wrong object(<ProcessesExecutor process=<Process name='Process-1' pid=None parent=None> thread=<Thread name='MainThread' pid=16588>>) type(<class 'executors.ProcessesExecutor'>).                        Must be ProcessExecutor..
2023-06-26 15:21:40.406314 - <ProcessesExecutor process=<Process name='Process-1' pid=16560 parent=17112> thread=<Thread name='MainThread' pid=16588>>. <Status tasks=0 results=1>.
2023-06-26 15:22:02.403165 - <ProcessesExecutor process=<Process name='MainProcess' pid=15948 parent=None>>. <Task name='Directory traverse' path='D:\edu\test'> scheduled. 
2023-06-26 15:22:02.404164 - <ProcessesExecutor process=<Process name='MainProcess' pid=15948 parent=None>>. Process creation requested.
2023-06-26 15:22:02.406166 - <ProcessesExecutor process=<Process name='MainProcess' pid=15948 parent=None>>. Going to wait for creation request.
2023-06-26 15:22:02.406166 - <ProcessesExecutor process=<Process name='MainProcess' pid=15948 parent=None>>. <Status tasks=1 active=0, workers=0>.
2023-06-26 15:22:02.418163 - <ProcessesExecutor process=<Process name='MainProcess' pid=15948 parent=None>>. <Process name='Process-1' pid=15312 parent=15948 started> started.
2023-06-26 15:22:02.419164 - <ProcessesExecutor process=<Process name='MainProcess' pid=15948 parent=None>>. Going to wait for creation request.
2023-06-26 15:22:02.953905 - <ProcessesExecutor process=<Process name='Process-1' pid=15312 parent=15948>>. Dummy 'ProcessesExecutor' created and setuped.
2023-06-26 15:22:02.956868 - <ProcessesExecutor process=<Process name='Process-1' pid=15312 parent=15948> thread=<Thread name='MainThread' pid=2224>> runned.
2023-06-26 15:22:02.957868 - <ProcessesExecutor process=<Process name='Process-1' pid=15312 parent=15948> thread=<Thread name='MainThread' pid=2224>>. <Status tasks=1 results=0>.
2023-06-26 15:22:02.959867 - <ProcessesExecutor process=<Process name='Process-1' pid=15312 parent=15948> thread=<Thread name='MainThread' pid=2224>>. <Task name='Directory traverse' path='D:\edu\test'> processing.
2023-06-26 15:22:23.704959 - <ProcessesExecutor process=<Process name='Process-1' pid=15312 parent=15948> thread=<Thread name='MainThread' pid=2224>>. Wrong object(<ProcessesExecutor process=<Process name='Process-1' pid=None parent=None> thread=<Thread name='MainThread' pid=2224>>) type(<class 'executors.ProcessesExecutor'>).                        Must be ProcessExecutor..
2023-06-26 15:22:23.709960 - <ProcessesExecutor process=<Process name='Process-1' pid=15312 parent=15948> thread=<Thread name='MainThread' pid=2224>>. <Status tasks=0 results=1>.
2023-06-26 15:22:33.519350 - <ProcessesExecutor process=<Process name='MainProcess' pid=11092 parent=None>>. <Task name='Directory traverse' path='D:\edu\test'> scheduled. 
2023-06-26 15:22:33.520348 - <ProcessesExecutor process=<Process name='MainProcess' pid=11092 parent=None>>. Process creation requested.
2023-06-26 15:22:33.522349 - <ProcessesExecutor process=<Process name='MainProcess' pid=11092 parent=None>>. Going to wait for creation request.
2023-06-26 15:22:33.523349 - <ProcessesExecutor process=<Process name='MainProcess' pid=11092 parent=None>>. <Status tasks=1 active=0, workers=0>.
2023-06-26 15:22:33.535349 - <ProcessesExecutor process=<Process name='MainProcess' pid=11092 parent=None>>. <Process name='Process-1' pid=13032 parent=11092 started> started.
2023-06-26 15:22:33.536351 - <ProcessesExecutor process=<Process name='MainProcess' pid=11092 parent=None>>. Going to wait for creation request.
2023-06-26 15:22:34.066575 - <ProcessesExecutor process=<Process name='Process-1' pid=13032 parent=11092>>. Dummy 'ProcessesExecutor' created and setuped.
2023-06-26 15:22:34.070544 - <ProcessesExecutor process=<Process name='Process-1' pid=13032 parent=11092> thread=<Thread name='MainThread' pid=12192>> runned.
2023-06-26 15:22:34.071544 - <ProcessesExecutor process=<Process name='Process-1' pid=13032 parent=11092> thread=<Thread name='MainThread' pid=12192>>. <Status tasks=1 results=0>.
2023-06-26 15:22:34.073542 - <ProcessesExecutor process=<Process name='Process-1' pid=13032 parent=11092> thread=<Thread name='MainThread' pid=12192>>. <Task name='Directory traverse' path='D:\edu\test'> processing.
2023-06-26 15:22:50.270379 - <ProcessesExecutor process=<Process name='Process-1' pid=13032 parent=11092>>. <Task name='Directory traverse' path='D:\edu\test\.vscode'> scheduled. 
2023-06-26 15:22:50.271378 - <ProcessesExecutor process=<Process name='MainProcess' pid=11092 parent=None>>. <Status tasks=1 active=1, workers=1>.
2023-06-26 15:22:50.271378 - <ProcessesExecutor process=<Process name='Process-1' pid=13032 parent=11092>>. Process creation requested.
2023-06-26 15:22:50.273379 - <ProcessesExecutor process=<Process name='Process-1' pid=13032 parent=11092>>. <Action name='Copy' path='D:\edu\test\2.raw'> scheduled. 
2023-06-26 15:22:50.275378 - <ProcessesExecutor process=<Process name='Process-1' pid=13032 parent=11092>>. Process creation requested.
2023-06-26 15:22:50.276379 - <Task process=<Process name='Process-1' pid=13032 parent=11092> thread=<Thread name='MainThread' pid=12192>>. Task(<Task name='Directory traverse' path='D:\edu\test'>). Created child executor(<class 'executors.ProcessExecutor'>).
2023-06-26 15:22:50.282378 - <ProcessesExecutor process=<Process name='MainProcess' pid=11092 parent=None>>. <Process name='Process-2' pid=5104 parent=11092 started> started.
2023-06-26 15:22:50.283383 - <ProcessesExecutor process=<Process name='MainProcess' pid=11092 parent=None>>. Going to wait for creation request.
2023-06-26 15:22:50.285378 - <ProcessesExecutor process=<Process name='MainProcess' pid=11092 parent=None>>. <Status tasks=2 active=2, workers=2>.
2023-06-26 15:22:50.289378 - < process=<Process name='Process-1' pid=13032 parent=11092> thread=<Thread name='MainThread' pid=12192>>. Executor:<Process name='Process-1:1' pid=9112 parent=13032 started> started.
2023-06-26 15:22:50.292379 - <ProcessesExecutor process=<Process name='Process-1' pid=13032 parent=11092>>. <Action name='Copy' path='D:\edu\test\test.py'> scheduled. 
2023-06-26 15:22:50.295378 - <ProcessesExecutor process=<Process name='Process-1' pid=13032 parent=11092>>. Process creation requested.
2023-06-26 15:22:50.297378 - <ProcessesExecutor process=<Process name='Process-1' pid=13032 parent=11092>>. <Action name='Copy' path='D:\edu\test\test2.py'> scheduled. 
2023-06-26 15:22:50.297378 - <ProcessesExecutor process=<Process name='Process-1' pid=13032 parent=11092>>. Process creation requested.
2023-06-26 15:22:50.298379 - <ProcessesExecutor process=<Process name='Process-1' pid=13032 parent=11092>>. <Action name='Sequence' actions=(<Action name='RemoveEmptyDir' path='D:\edu\test\.vscode'>) scheduled. 
2023-06-26 15:22:50.299378 - <ProcessesExecutor process=<Process name='Process-1' pid=13032 parent=11092>>. Process creation requested.
2023-06-26 15:22:50.300378 - <ProcessesExecutor process=<Process name='Process-1' pid=13032 parent=11092>>. None scheduled.
2023-06-26 15:22:50.301379 - <ProcessesExecutor process=<Process name='MainProcess' pid=11092 parent=None>>. <Process name='Process-3' pid=7420 parent=11092 started> started.
2023-06-26 15:22:50.302379 - <ProcessesExecutor process=<Process name='MainProcess' pid=11092 parent=None>>. Going to wait for creation request.
2023-06-26 15:22:50.307378 - <ProcessesExecutor process=<Process name='MainProcess' pid=11092 parent=None>>. <Status tasks=6 active=3, workers=3>.
2023-06-26 15:22:50.309379 - <ProcessesExecutor process=<Process name='Process-1' pid=13032 parent=11092> thread=<Thread name='MainThread' pid=12192>>. <Task name='Directory traverse' path='D:\edu\test'> done.
2023-06-26 15:22:50.320379 - <ProcessesExecutor process=<Process name='Process-1' pid=13032 parent=11092> thread=<Thread name='MainThread' pid=12192>>. <Status tasks=6 results=0>.
2023-06-26 15:22:50.326377 - <ProcessesExecutor process=<Process name='Process-1' pid=13032 parent=11092> thread=<Thread name='MainThread' pid=12192>>. <Task name='Directory traverse' path='D:\edu\test\.vscode'> processing.
2023-06-26 15:22:50.329378 - <ProcessesExecutor process=<Process name='Process-1' pid=13032 parent=11092>>. <Action name='Copy' path='D:\edu\test\.vscode\launch.json'> scheduled. 
2023-06-26 15:22:50.331379 - <ProcessesExecutor process=<Process name='Process-1' pid=13032 parent=11092>>. Process creation requested.
2023-06-26 15:22:50.334379 - <ProcessesExecutor process=<Process name='MainProcess' pid=11092 parent=None>>. <Process name='Process-4' pid=16600 parent=11092 started> started.
2023-06-26 15:22:50.337379 - <ProcessesExecutor process=<Process name='MainProcess' pid=11092 parent=None>>. Going to wait for <Process name='Process-1' pid=13032 parent=11092 started>.
2023-06-26 15:22:50.337379 - <ProcessesExecutor process=<Process name='Process-1' pid=13032 parent=11092>>. None scheduled.
2023-06-26 15:22:50.346379 - <ProcessesExecutor process=<Process name='Process-1' pid=13032 parent=11092> thread=<Thread name='MainThread' pid=12192>>. <Task name='Directory traverse' path='D:\edu\test\.vscode'> done.
2023-06-26 15:22:50.347379 - <ProcessesExecutor process=<Process name='Process-1' pid=13032 parent=11092> thread=<Thread name='MainThread' pid=12192>>. <Status tasks=7 results=0>.
2023-06-26 15:22:50.348379 - <ProcessesExecutor process=<Process name='Process-1' pid=13032 parent=11092> thread=<Thread name='MainThread' pid=12192>>. <Action name='Copy' path='D:\edu\test\2.raw'> processing.
2023-06-26 15:22:51.297407 - <ProcessExecutor process=<Process name='Process-1:1' pid=9112 parent=13032> thread=<Thread name='MainThread' pid=2468>> runned.
2023-06-26 15:22:51.305407 - <ProcessExecutor process=<Process name='Process-1:1' pid=9112 parent=13032> thread=<Thread name='MainThread' pid=2468>>. <Status tasks=4 results=0>.
2023-06-26 15:22:51.307406 - <ProcessExecutor process=<Process name='Process-1:1' pid=9112 parent=13032> thread=<Thread name='MainThread' pid=2468>>. <Action name='Sequence' actions=(<Action name='Unpack' path='D:\edu\test\A2010-a-t_S263_1610251300_MP3V1_8G_ROW - Copy.zip'>, <Action name='Copy' path='D:\edu\test\A2010-a-t_S263_1610251300_MP3V1_8G_ROW - Copy.zip'>) processing.
2023-06-26 15:22:51.381406 - <ProcessesExecutor process=<Process name='Process-1' pid=13032 parent=11092> thread=<Thread name='MainThread' pid=12192>>. <Action name='Copy' path='D:\edu\test\2.raw'> done.
2023-06-26 15:22:51.384416 - <ProcessesExecutor process=<Process name='Process-1' pid=13032 parent=11092> thread=<Thread name='MainThread' pid=12192>>. <Status tasks=6 results=1>.
2023-06-26 15:22:51.385404 - <ProcessesExecutor process=<Process name='Process-1' pid=13032 parent=11092> thread=<Thread name='MainThread' pid=12192>>. <Action name='Copy' path='D:\edu\test\test.py'> processing.
2023-06-26 15:22:51.387407 - <ProcessesExecutor process=<Process name='Process-1' pid=13032 parent=11092> thread=<Thread name='MainThread' pid=12192>>. <Action name='Copy' path='D:\edu\test\test.py'> done.
2023-06-26 15:22:51.388407 - <ProcessesExecutor process=<Process name='Process-1' pid=13032 parent=11092> thread=<Thread name='MainThread' pid=12192>>. <Status tasks=5 results=2>.
2023-06-26 15:22:51.391406 - <ProcessesExecutor process=<Process name='Process-1' pid=13032 parent=11092> thread=<Thread name='MainThread' pid=12192>>. <Action name='Copy' path='D:\edu\test\test2.py'> processing.
2023-06-26 15:22:51.393407 - <ProcessesExecutor process=<Process name='Process-1' pid=13032 parent=11092> thread=<Thread name='MainThread' pid=12192>>. <Action name='Copy' path='D:\edu\test\test2.py'> done.
2023-06-26 15:22:51.397406 - <ProcessesExecutor process=<Process name='Process-1' pid=13032 parent=11092> thread=<Thread name='MainThread' pid=12192>>. <Status tasks=4 results=3>.
2023-06-26 15:22:51.397406 - <ProcessesExecutor process=<Process name='Process-1' pid=13032 parent=11092> thread=<Thread name='MainThread' pid=12192>>. <Action name='Sequence' actions=(<Action name='RemoveEmptyDir' path='D:\edu\test\.vscode'>) processing.
2023-06-26 15:22:51.399406 - <ProcessesExecutor process=<Process name='Process-1' pid=13032 parent=11092> thread=<Thread name='MainThread' pid=12192>>. <Action name='Sequence' actions=(<Action name='RemoveEmptyDir' path='D:\edu\test\.vscode'>) done.
2023-06-26 15:22:51.400406 - <ProcessesExecutor process=<Process name='Process-1' pid=13032 parent=11092> thread=<Thread name='MainThread' pid=12192>>. <Status tasks=3 results=4>.
2023-06-26 15:22:51.401406 - <ProcessesExecutor process=<Process name='Process-1' pid=13032 parent=11092> thread=<Thread name='MainThread' pid=12192>>. <Action name='Copy' path='D:\edu\test\.vscode\launch.json'> processing.
2023-06-26 15:22:51.403407 - <ProcessesExecutor process=<Process name='Process-1' pid=13032 parent=11092> thread=<Thread name='MainThread' pid=12192>>. <Action name='Copy' path='D:\edu\test\.vscode\launch.json'> done.
2023-06-26 15:22:51.404407 - <ProcessesExecutor process=<Process name='Process-1' pid=13032 parent=11092> thread=<Thread name='MainThread' pid=12192>>. <Status tasks=1 results=5>.
2023-06-26 15:22:51.405407 - <ProcessesExecutor process=<Process name='Process-1' pid=13032 parent=11092> thread=<Thread name='MainThread' pid=12192>> got sentinel. Exiting.
2023-06-26 15:22:51.405407 - <ProcessesExecutor process=<Process name='Process-1' pid=13032 parent=11092> thread=<Thread name='MainThread' pid=12192>> done.
2023-06-26 15:22:51.406406 - <ProcessesExecutor process=<Process name='Process-1' pid=13032 parent=11092> thread=<Thread name='MainThread' pid=12192>> exiting signaled. 
2023-06-26 15:22:51.476407 - <ProcessesExecutor process=<Process name='Process-3' pid=7420 parent=11092>>. Dummy 'ProcessesExecutor' created and setuped.
2023-06-26 15:22:51.482406 - <ProcessesExecutor process=<Process name='Process-3' pid=7420 parent=11092> thread=<Thread name='MainThread' pid=8052>> runned.
2023-06-26 15:22:51.482406 - <ProcessesExecutor process=<Process name='Process-3' pid=7420 parent=11092> thread=<Thread name='MainThread' pid=8052>>. <Status tasks=2 results=5>.
2023-06-26 15:22:51.486405 - <ProcessesExecutor process=<Process name='Process-3' pid=7420 parent=11092> thread=<Thread name='MainThread' pid=8052>> got sentinel. Exiting.
2023-06-26 15:22:51.487406 - <ProcessesExecutor process=<Process name='Process-3' pid=7420 parent=11092> thread=<Thread name='MainThread' pid=8052>> done.
2023-06-26 15:22:51.488406 - <ProcessesExecutor process=<Process name='Process-3' pid=7420 parent=11092> thread=<Thread name='MainThread' pid=8052>> exiting signaled. 
2023-06-26 15:22:51.615414 - <ProcessesExecutor process=<Process name='Process-2' pid=5104 parent=11092>>. Dummy 'ProcessesExecutor' created and setuped.
2023-06-26 15:22:51.618406 - <ProcessesExecutor process=<Process name='Process-2' pid=5104 parent=11092> thread=<Thread name='MainThread' pid=16976>> runned.
2023-06-26 15:22:51.619406 - <ProcessesExecutor process=<Process name='Process-2' pid=5104 parent=11092> thread=<Thread name='MainThread' pid=16976>>. <Status tasks=2 results=5>.
2023-06-26 15:22:51.639406 - <ProcessesExecutor process=<Process name='Process-2' pid=5104 parent=11092> thread=<Thread name='MainThread' pid=16976>> got sentinel. Exiting.
2023-06-26 15:22:51.640406 - <ProcessesExecutor process=<Process name='Process-2' pid=5104 parent=11092> thread=<Thread name='MainThread' pid=16976>> done.
2023-06-26 15:22:51.642406 - <ProcessesExecutor process=<Process name='Process-2' pid=5104 parent=11092> thread=<Thread name='MainThread' pid=16976>> exiting signaled. 
2023-06-26 15:22:51.759406 - <ProcessesExecutor process=<Process name='Process-4' pid=16600 parent=11092>>. Dummy 'ProcessesExecutor' created and setuped.
2023-06-26 15:22:51.762407 - <ProcessesExecutor process=<Process name='Process-4' pid=16600 parent=11092> thread=<Thread name='MainThread' pid=15468>> runned.
2023-06-26 15:22:51.763405 - <ProcessesExecutor process=<Process name='Process-4' pid=16600 parent=11092> thread=<Thread name='MainThread' pid=15468>>. <Status tasks=2 results=5>.
2023-06-26 15:22:51.766416 - <ProcessesExecutor process=<Process name='Process-4' pid=16600 parent=11092> thread=<Thread name='MainThread' pid=15468>> got sentinel. Exiting.
2023-06-26 15:22:51.767406 - <ProcessesExecutor process=<Process name='Process-4' pid=16600 parent=11092> thread=<Thread name='MainThread' pid=15468>> done.
2023-06-26 15:22:51.768407 - <ProcessesExecutor process=<Process name='Process-4' pid=16600 parent=11092> thread=<Thread name='MainThread' pid=15468>> exiting signaled. 
2023-06-26 15:23:08.532307 - <ProcessExecutor process=<Process name='Process-1:1' pid=9112 parent=13032> thread=<Thread name='MainThread' pid=2468>>. <Action name='Sequence' actions=(<Action name='Unpack' path='D:\edu\test\A2010-a-t_S263_1610251300_MP3V1_8G_ROW - Copy.zip'>, <Action name='Copy' path='D:\edu\test\A2010-a-t_S263_1610251300_MP3V1_8G_ROW - Copy.zip'>) done.
2023-06-26 15:23:08.535308 - <ProcessExecutor process=<Process name='Process-1:1' pid=9112 parent=13032> thread=<Thread name='MainThread' pid=2468>>. <Status tasks=4 results=1>.
2023-06-26 15:23:08.537309 - <ProcessExecutor process=<Process name='Process-1:1' pid=9112 parent=13032> thread=<Thread name='MainThread' pid=2468>>. <Action name='Sequence' actions=(<Action name='Unpack' path='D:\edu\test\A2010-a-t_S263_1610251300_MP3V1_8G_ROW.zip'>, <Action name='Copy' path='D:\edu\test\A2010-a-t_S263_1610251300_MP3V1_8G_ROW.zip'>) processing.
2023-06-26 15:23:24.750809 - <ProcessExecutor process=<Process name='Process-1:1' pid=9112 parent=13032> thread=<Thread name='MainThread' pid=2468>>. <Action name='Sequence' actions=(<Action name='Unpack' path='D:\edu\test\A2010-a-t_S263_1610251300_MP3V1_8G_ROW.zip'>, <Action name='Copy' path='D:\edu\test\A2010-a-t_S263_1610251300_MP3V1_8G_ROW.zip'>) done.
2023-06-26 15:23:24.751809 - <ProcessExecutor process=<Process name='Process-1:1' pid=9112 parent=13032> thread=<Thread name='MainThread' pid=2468>>. <Status tasks=3 results=2>.
2023-06-26 15:23:24.753811 - <ProcessExecutor process=<Process name='Process-1:1' pid=9112 parent=13032> thread=<Thread name='MainThread' pid=2468>>. <Action name='Sequence' actions=(<Action name='Unpack' path='D:\edu\test\A2010-a-t_S264_1701101300_MP3V1_8G_ROW - Copy.zip'>, <Action name='Copy' path='D:\edu\test\A2010-a-t_S264_1701101300_MP3V1_8G_ROW - Copy.zip'>) processing.
2023-06-26 15:23:44.388107 - <ProcessesExecutor process=<Process name='MainProcess' pid=10804 parent=None>>. <Task name='Directory traverse' path='D:\edu\test'> scheduled. 
2023-06-26 15:23:44.389107 - <ProcessesExecutor process=<Process name='MainProcess' pid=10804 parent=None>>. Process creation requested.
2023-06-26 15:23:44.391108 - <ProcessesExecutor process=<Process name='MainProcess' pid=10804 parent=None>>. Going to wait for creation request.
2023-06-26 15:23:44.392108 - <ProcessesExecutor process=<Process name='MainProcess' pid=10804 parent=None>>. <Status tasks=1 active=0, workers=0>.
2023-06-26 15:23:44.404110 - <ProcessesExecutor process=<Process name='MainProcess' pid=10804 parent=None>>. <Process name='Process-1' pid=12444 parent=10804 started> started.
2023-06-26 15:23:44.405106 - <ProcessesExecutor process=<Process name='MainProcess' pid=10804 parent=None>>. Going to wait for creation request.
2023-06-26 15:23:44.948947 - <ProcessesExecutor process=<Process name='Process-1' pid=12444 parent=10804>>. Dummy 'ProcessesExecutor' created and setuped.
2023-06-26 15:23:44.951916 - <ProcessesExecutor process=<Process name='Process-1' pid=12444 parent=10804> thread=<Thread name='MainThread' pid=3284>> runned.
2023-06-26 15:23:44.951916 - <ProcessesExecutor process=<Process name='Process-1' pid=12444 parent=10804> thread=<Thread name='MainThread' pid=3284>>. <Status tasks=1 results=0>.
2023-06-26 15:23:44.953924 - <ProcessesExecutor process=<Process name='Process-1' pid=12444 parent=10804> thread=<Thread name='MainThread' pid=3284>>. <Task name='Directory traverse' path='D:\edu\test'> processing.
2023-06-26 15:30:04.267098 - <ProcessesExecutor process=<Process name='Process-1' pid=12444 parent=10804>>. <Task name='Directory traverse' path='D:\edu\test\.vscode'> scheduled. 
2023-06-26 15:30:04.270097 - <ProcessesExecutor process=<Process name='Process-1' pid=12444 parent=10804>>. Process creation requested.
2023-06-26 15:30:04.271097 - <ProcessesExecutor process=<Process name='Process-1' pid=12444 parent=10804>>. <Action name='Copy' path='D:\edu\test\2.raw'> scheduled. 
2023-06-26 15:30:04.271097 - <ProcessesExecutor process=<Process name='Process-1' pid=12444 parent=10804>>. Process creation requested.
2023-06-26 15:30:04.271097 - <ProcessesExecutor process=<Process name='MainProcess' pid=10804 parent=None>>. <Status tasks=2 active=1, workers=1>.
2023-06-26 15:30:04.274128 - <Task process=<Process name='Process-1' pid=12444 parent=10804> thread=<Thread name='MainThread' pid=3284>>. Task(<Task name='Directory traverse' path='D:\edu\test'>). Created child executor(<class 'executors.ProcessExecutor'>).
2023-06-26 15:30:04.281097 - <ProcessesExecutor process=<Process name='MainProcess' pid=10804 parent=None>>. <Process name='Process-2' pid=10044 parent=10804 started> started.
2023-06-26 15:30:04.282098 - <ProcessesExecutor process=<Process name='MainProcess' pid=10804 parent=None>>. Going to wait for creation request.
2023-06-26 15:30:04.287097 - < process=<Process name='Process-1' pid=12444 parent=10804> thread=<Thread name='MainThread' pid=3284>>. Executor:<Process name='Process-1:1' pid=6392 parent=12444 started> started.
2023-06-26 15:30:04.289098 - <ProcessesExecutor process=<Process name='Process-1' pid=12444 parent=10804>>. <Action name='Copy' path='D:\edu\test\test.py'> scheduled. 
2023-06-26 15:30:04.290097 - <ProcessesExecutor process=<Process name='Process-1' pid=12444 parent=10804>>. Process creation requested.
2023-06-26 15:30:04.290097 - <ProcessesExecutor process=<Process name='MainProcess' pid=10804 parent=None>>. <Status tasks=3 active=2, workers=2>.
2023-06-26 15:30:04.291096 - <ProcessesExecutor process=<Process name='Process-1' pid=12444 parent=10804>>. <Action name='Copy' path='D:\edu\test\test2.py'> scheduled. 
2023-06-26 15:30:04.306097 - <ProcessesExecutor process=<Process name='Process-1' pid=12444 parent=10804>>. Process creation requested.
2023-06-26 15:30:04.311097 - <ProcessesExecutor process=<Process name='Process-1' pid=12444 parent=10804>>. <Action name='Sequence' actions=(<Action name='RemoveEmptyDir' path='D:\edu\test\.vscode'>) scheduled. 
2023-06-26 15:30:04.312097 - <ProcessesExecutor process=<Process name='Process-1' pid=12444 parent=10804>>. Process creation requested.
2023-06-26 15:30:04.313097 - <ProcessesExecutor process=<Process name='Process-1' pid=12444 parent=10804>>. None scheduled.
2023-06-26 15:30:04.315098 - <ProcessesExecutor process=<Process name='MainProcess' pid=10804 parent=None>>. <Process name='Process-3' pid=9664 parent=10804 started> started.
2023-06-26 15:30:04.316099 - <ProcessesExecutor process=<Process name='MainProcess' pid=10804 parent=None>>. Going to wait for creation request.
2023-06-26 15:30:04.318097 - <ProcessesExecutor process=<Process name='MainProcess' pid=10804 parent=None>>. <Status tasks=6 active=3, workers=3>.
2023-06-26 15:30:04.318097 - <ProcessesExecutor process=<Process name='Process-1' pid=12444 parent=10804> thread=<Thread name='MainThread' pid=3284>>. <Task name='Directory traverse' path='D:\edu\test'> done.
2023-06-26 15:30:04.323097 - <ProcessesExecutor process=<Process name='Process-1' pid=12444 parent=10804> thread=<Thread name='MainThread' pid=3284>>. <Status tasks=6 results=0>.
2023-06-26 15:30:04.328097 - <ProcessesExecutor process=<Process name='Process-1' pid=12444 parent=10804> thread=<Thread name='MainThread' pid=3284>>. <Task name='Directory traverse' path='D:\edu\test\.vscode'> processing.
2023-06-26 15:30:04.332097 - <ProcessesExecutor process=<Process name='MainProcess' pid=10804 parent=None>>. <Process name='Process-4' pid=16116 parent=10804 started> started.
2023-06-26 15:30:04.337098 - <ProcessesExecutor process=<Process name='Process-1' pid=12444 parent=10804>>. <Action name='Copy' path='D:\edu\test\.vscode\launch.json'> scheduled. 
2023-06-26 15:30:04.340096 - <ProcessesExecutor process=<Process name='Process-1' pid=12444 parent=10804>>. Process creation requested.
2023-06-26 15:30:04.342097 - <ProcessesExecutor process=<Process name='Process-1' pid=12444 parent=10804>>. None scheduled.
2023-06-26 15:30:04.345097 - <ProcessesExecutor process=<Process name='Process-1' pid=12444 parent=10804> thread=<Thread name='MainThread' pid=3284>>. <Task name='Directory traverse' path='D:\edu\test\.vscode'> done.
2023-06-26 15:30:04.346097 - <ProcessesExecutor process=<Process name='Process-1' pid=12444 parent=10804> thread=<Thread name='MainThread' pid=3284>>. <Status tasks=7 results=0>.
2023-06-26 15:30:04.347097 - <ProcessesExecutor process=<Process name='Process-1' pid=12444 parent=10804> thread=<Thread name='MainThread' pid=3284>>. <Action name='Copy' path='D:\edu\test\2.raw'> processing.
2023-06-26 15:30:04.340096 - <ProcessesExecutor process=<Process name='MainProcess' pid=10804 parent=None>>. Going to wait for <Process name='Process-1' pid=12444 parent=10804 started>.
2023-06-26 15:32:33.648440 - <ProcessesExecutor process=<Process name='MainProcess' pid=8760 parent=None>>. <Task name='Directory traverse' path='D:\edu\test'> scheduled. 
2023-06-26 15:32:33.649470 - <ProcessesExecutor process=<Process name='MainProcess' pid=8760 parent=None>>. Process creation requested.
2023-06-26 15:32:33.651441 - <ProcessesExecutor process=<Process name='MainProcess' pid=8760 parent=None>>. Going to wait for creation request.
2023-06-26 15:32:33.652474 - <ProcessesExecutor process=<Process name='MainProcess' pid=8760 parent=None>>. <Status tasks=1 active=0, workers=0>.
2023-06-26 15:32:33.664440 - <ProcessesExecutor process=<Process name='MainProcess' pid=8760 parent=None>>. <Process name='Process-1' pid=10756 parent=8760 started> started.
2023-06-26 15:32:33.665440 - <ProcessesExecutor process=<Process name='MainProcess' pid=8760 parent=None>>. Going to wait for creation request.
2023-06-26 15:32:34.194633 - <ProcessesExecutor process=<Process name='Process-1' pid=10756 parent=8760>>. Dummy 'ProcessesExecutor' created and setuped.
2023-06-26 15:32:34.197633 - <ProcessesExecutor process=<Process name='Process-1' pid=10756 parent=8760> thread=<Thread name='MainThread' pid=13012>> runned.
2023-06-26 15:32:34.198600 - <ProcessesExecutor process=<Process name='Process-1' pid=10756 parent=8760> thread=<Thread name='MainThread' pid=13012>>. <Status tasks=1 results=0>.
2023-06-26 15:32:34.200600 - <ProcessesExecutor process=<Process name='Process-1' pid=10756 parent=8760> thread=<Thread name='MainThread' pid=13012>>. <Task name='Directory traverse' path='D:\edu\test'> processing.
2023-06-26 15:33:20.845794 - <ProcessesExecutor process=<Process name='Process-1' pid=10756 parent=8760>>. <Task name='Directory traverse' path='D:\edu\test\.vscode'> scheduled. 
2023-06-26 15:33:20.847796 - <ProcessesExecutor process=<Process name='MainProcess' pid=8760 parent=None>>. <Status tasks=1 active=1, workers=1>.
2023-06-26 15:33:20.847796 - <ProcessesExecutor process=<Process name='Process-1' pid=10756 parent=8760>>. Process creation requested.
2023-06-26 15:33:20.848794 - <ProcessesExecutor process=<Process name='MainProcess' pid=8760 parent=None>>. Skip creation request. Tasks' count=1.
2023-06-26 15:33:20.849794 - <ProcessesExecutor process=<Process name='Process-1' pid=10756 parent=8760>>. <Action name='Copy' path='D:\edu\test\2.raw'> scheduled. 
2023-06-26 15:33:20.850794 - <ProcessesExecutor process=<Process name='MainProcess' pid=8760 parent=None>>. Going to wait for creation request.
2023-06-26 15:33:20.851794 - <ProcessesExecutor process=<Process name='Process-1' pid=10756 parent=8760>>. Process creation requested.
2023-06-26 15:33:20.851794 - <ProcessesExecutor process=<Process name='MainProcess' pid=8760 parent=None>>. <Status tasks=2 active=1, workers=1>.
2023-06-26 15:33:20.853794 - <Task process=<Process name='Process-1' pid=10756 parent=8760> thread=<Thread name='MainThread' pid=13012>>. Task(<Task name='Directory traverse' path='D:\edu\test'>). Created child executor(<class 'executors.ProcessExecutor'>).
2023-06-26 15:33:20.860795 - <ProcessesExecutor process=<Process name='MainProcess' pid=8760 parent=None>>. <Process name='Process-2' pid=16612 parent=8760 started> started.
2023-06-26 15:33:20.861793 - <ProcessesExecutor process=<Process name='MainProcess' pid=8760 parent=None>>. Going to wait for creation request.
2023-06-26 15:33:20.871793 - < process=<Process name='Process-1' pid=10756 parent=8760> thread=<Thread name='MainThread' pid=13012>>. Executor:<Process name='Process-1:1' pid=12424 parent=10756 started> started.
2023-06-26 15:33:20.875795 - <ProcessesExecutor process=<Process name='Process-1' pid=10756 parent=8760>>. <Action name='Copy' path='D:\edu\test\test.py'> scheduled. 
2023-06-26 15:33:20.876795 - <ProcessesExecutor process=<Process name='Process-1' pid=10756 parent=8760>>. Process creation requested.
2023-06-26 15:33:20.876795 - <ProcessesExecutor process=<Process name='MainProcess' pid=8760 parent=None>>. <Status tasks=3 active=2, workers=2>.
2023-06-26 15:33:20.877794 - <ProcessesExecutor process=<Process name='Process-1' pid=10756 parent=8760>>. <Action name='Copy' path='D:\edu\test\test2.py'> scheduled. 
2023-06-26 15:33:20.910802 - <ProcessesExecutor process=<Process name='Process-1' pid=10756 parent=8760>>. Process creation requested.
2023-06-26 15:33:20.911794 - <ProcessesExecutor process=<Process name='Process-1' pid=10756 parent=8760>>. <Action name='Sequence' actions=(<Action name='RemoveEmptyDir' path='D:\edu\test\.vscode'>) scheduled. 
2023-06-26 15:33:20.912795 - <ProcessesExecutor process=<Process name='Process-1' pid=10756 parent=8760>>. Process creation requested.
2023-06-26 15:33:20.913795 - <ProcessesExecutor process=<Process name='Process-1' pid=10756 parent=8760>>. None scheduled.
2023-06-26 15:33:20.915794 - <ProcessesExecutor process=<Process name='MainProcess' pid=8760 parent=None>>. <Process name='Process-3' pid=17236 parent=8760 started> started.
2023-06-26 15:33:20.915794 - <ProcessesExecutor process=<Process name='MainProcess' pid=8760 parent=None>>. Going to wait for creation request.
2023-06-26 15:33:20.916794 - <ProcessesExecutor process=<Process name='MainProcess' pid=8760 parent=None>>. <Status tasks=6 active=3, workers=3>.
2023-06-26 15:33:20.922795 - <ProcessesExecutor process=<Process name='MainProcess' pid=8760 parent=None>>. <Process name='Process-4' pid=10744 parent=8760 started> started.
2023-06-26 15:33:20.923794 - <ProcessesExecutor process=<Process name='MainProcess' pid=8760 parent=None>>. Going to wait for <Process name='Process-1' pid=10756 parent=8760 started>.
2023-06-26 15:33:20.939795 - <ProcessesExecutor process=<Process name='Process-1' pid=10756 parent=8760> thread=<Thread name='MainThread' pid=13012>>. <Task name='Directory traverse' path='D:\edu\test'> done.
2023-06-26 15:33:20.939795 - <ProcessesExecutor process=<Process name='Process-1' pid=10756 parent=8760> thread=<Thread name='MainThread' pid=13012>>. <Status tasks=6 results=0>.
2023-06-26 15:33:20.940795 - <ProcessesExecutor process=<Process name='Process-1' pid=10756 parent=8760> thread=<Thread name='MainThread' pid=13012>>. <Task name='Directory traverse' path='D:\edu\test\.vscode'> processing.
2023-06-26 15:33:20.942796 - <ProcessesExecutor process=<Process name='Process-1' pid=10756 parent=8760>>. <Action name='Copy' path='D:\edu\test\.vscode\launch.json'> scheduled. 
2023-06-26 15:33:20.943795 - <ProcessesExecutor process=<Process name='Process-1' pid=10756 parent=8760>>. Process creation requested.
2023-06-26 15:33:20.943795 - <ProcessesExecutor process=<Process name='Process-1' pid=10756 parent=8760>>. None scheduled.
2023-06-26 15:33:20.944795 - <ProcessesExecutor process=<Process name='Process-1' pid=10756 parent=8760> thread=<Thread name='MainThread' pid=13012>>. <Task name='Directory traverse' path='D:\edu\test\.vscode'> done.
2023-06-26 15:33:20.945795 - <ProcessesExecutor process=<Process name='Process-1' pid=10756 parent=8760> thread=<Thread name='MainThread' pid=13012>>. <Status tasks=7 results=0>.
2023-06-26 15:33:20.948795 - <ProcessesExecutor process=<Process name='Process-1' pid=10756 parent=8760> thread=<Thread name='MainThread' pid=13012>>. <Action name='Copy' path='D:\edu\test\2.raw'> processing.
2023-06-26 15:33:21.801794 - <ProcessesExecutor process=<Process name='Process-4' pid=10744 parent=8760>>. Dummy 'ProcessesExecutor' created and setuped.
